Uninstalling from emulator-5554
WARNING: linker: libdvm.so has text relocations. This is wasting memory and is a security risk. Please fix.
Success
Uninstalling from emulator-5556
WARNING: linker: libdvm.so has text relocations. This is wasting memory and is a security risk. Please fix.
Success
Uninstalling from emulator-5558
WARNING: linker: libdvm.so has text relocations. This is wasting memory and is a security risk. Please fix.
Success
Uninstalling from emulator-5560
WARNING: linker: libdvm.so has text relocations. This is wasting memory and is a security risk. Please fix.
Success
Uninstalling from emulator-5562
WARNING: linker: libdvm.so has text relocations. This is wasting memory and is a security risk. Please fix.
Success
Installing on emulator-5554
Performing Push Install
app/build/outputs/apk/debug/app-debug.apk: 1 file pushed. 10.2 MB/s (85911 bytes in 0.008s)
WARNING: linker: libdvm.so has text relocations. This is wasting memory and is a security risk. Please fix.
	pkg: /data/local/tmp/app-debug.apk
Success
Installing on emulator-5556
Performing Push Install
app/build/outputs/apk/debug/app-debug.apk: 1 file pushed. 8.6 MB/s (85911 bytes in 0.010s)
WARNING: linker: libdvm.so has text relocations. This is wasting memory and is a security risk. Please fix.
	pkg: /data/local/tmp/app-debug.apk
Success
Installing on emulator-5558
Performing Push Install
app/build/outputs/apk/debug/app-debug.apk: 1 file pushed. 57.4 MB/s (85911 bytes in 0.001s)
WARNING: linker: libdvm.so has text relocations. This is wasting memory and is a security risk. Please fix.
	pkg: /data/local/tmp/app-debug.apk
Success
Installing on emulator-5560
Performing Push Install
app/build/outputs/apk/debug/app-debug.apk: 1 file pushed. 12.1 MB/s (85911 bytes in 0.007s)
WARNING: linker: libdvm.so has text relocations. This is wasting memory and is a security risk. Please fix.
	pkg: /data/local/tmp/app-debug.apk
Success
Installing on emulator-5562
Performing Push Install
app/build/outputs/apk/debug/app-debug.apk: 1 file pushed. 28.7 MB/s (85911 bytes in 0.003s)
WARNING: linker: libdvm.so has text relocations. This is wasting memory and is a security risk. Please fix.
	pkg: /data/local/tmp/app-debug.apk
Success
Starting on emulator-5554
Starting on emulator-5556
Starting on emulator-5558
Starting on emulator-5560
Starting on emulator-5562

Testing no concurrency, no failure
Inserting from emulator-5554
Inserting (emulator-5554) 9mCfDy0xKD2ur3pXc29HDFYfuFnzSMTe Tb8BmFG6gOuDvBHHci2vhCrVdBtuqEQB
Inserting (emulator-5554) 45ndrviKgGrZ589DbZpeSXNpWlSjnxdL pejYrZ3Rl1dJpJBDgqGjTdWjIJZ8fSM2
Inserting (emulator-5554) aU292u6kS7OoHOoH6zyOjC7Y15cIcEPE qLchSVl3NxzrEb9RY1TpBNjtcAMR03bk
Inserting (emulator-5554) FgZmrnQktbsKS26CpCr1YcRPuKwrQZDh isiYBMks3gpyBH3HR7jX0lexpOllRA9p
Inserting (emulator-5554) 2ZH3pJ1QkQVI9uypNR3qzgsSuP9UY5ck hLNYlXlCGVYaFifbIpinalxuUZNBHBFh
Inserting from emulator-5556
Inserting (emulator-5556) qmkt8eX6aCNwccL7ukO6zxoN993x55eB Fn4qHtvZVITiarvlkLvF0d52hE3qwOSW
Inserting (emulator-5556) YjuNqmZKMiQVy3skkFupDw60s5RLNcj0 7pAwibywgFElr6xYDfpbLBbSOoQ7PBER
Inserting (emulator-5556) XGjVfalQeheC8K8AvUr5qqwFMrqvvraa It59pFsibUF9xyXFgirj6lioKwgayseX
Inserting (emulator-5556) bKS7nhSJaxtPMkAEGbhCE9nxDHqapTm8 6Mh55Mc5EOsHo5XWqRXNef2LATkcQsZF
Inserting (emulator-5556) WeTyJY3751nVfk1S4yEPbTVDUWpHhEdn nQokFPTuRh9adVbCVlRPrhUBfliKcmyL
Inserting from emulator-5558
Inserting (emulator-5558) oeMRhBvQXiF2zDpCuuWiOQe45CbJwkvO hlWbcCgAHrDzfluVZUhDOHNML89FXFDR
Inserting (emulator-5558) YPIfr4ga0hKR7MJ7ltxe5kQxYv9N2ciQ xJj9g0hopMftzuEVfBZ4rYEPORisdeo9
Inserting (emulator-5558) 0YZZTr2usjEDggDFd8bUo77aZGHbmu2e l6es6aONmgMFwVwk5I3VvszOUlNuAppT
Inserting (emulator-5558) ejUypRmpT2N4vTfySo8yh3FotlTcNgb7 62YJJZRKtTmvqCkLCwiHcaeIeqGPLWef
Inserting (emulator-5558) OpuReg6TddGwqit1kRAKKPElzoZMd4xi jmor1y8nyjrpaQccGFqTeqkKaQVMvGwl
Inserting from emulator-5560
Inserting (emulator-5560) rITsr1wbxEpIuBXQxbrhAMKsaKDodCs2 btIFwYsxRbZ5sQkEfXDMXPjhdpvplG32
Inserting (emulator-5560) aNZ6rVStKLuVVwV4BHmtOkbyhOMZImpt deTqhg4RGLOmVe2Pg6sudtPyt7cxgoYP
Inserting (emulator-5560) mnPKgvc5GlDSyCsFpiXgiLP7GjkJy1m2 113JazmzqoRfRrT7BTHNPnXvpoFYc5Gy
Inserting (emulator-5560) fLkz7LnQyQaa6WP83VDY2pFDE5F9CVJF aXkc7Nhg08eu9SjhLMwuNYdoVUzsvMaN
Inserting (emulator-5560) dFUEXNWSVNgT7sdP7AjRTux3xJkAnVg5 2ZYR6zjFkWB4ECU0AEXAtXEoYKDii5Df
Inserting from emulator-5562
Inserting (emulator-5562) 4XUVPNDFZ8TwAd5xRBLPD6SYQYm7tjVZ 90cwxaQe6MYglBQ3XuhiAliCkmR5s4fG
Inserting (emulator-5562) 8MgZcn1yamqY7y740hY1pxVMntbisL70 dx9JI0DXq7xSoi716z49013vxnTBSSSo
Inserting (emulator-5562) bopru6gOuA7DkIvB9jq0zERTDUBPdBN1 dmTEfPHNYzRPuf5c2hPlP1dRw0Q8evzo
Inserting (emulator-5562) 4nn9KYYWwYB6yNtNPSTnaQNX3u2gJzCu C8vko9m27dyXVp2VPHiYStmW1IAsMQDo
Inserting (emulator-5562) 9yvfdF6HPn7AybpSj8sJVI6Nolhi073W mxrGSEF6dlsRTD59NK7XageJaigk9gta
Waiting for 5 seconds for insert operations to complete
Checking insert
Dumping from emulator-5554
Querying (emulator-5554) "@"
mnPKgvc5GlDSyCsFpiXgiLP7GjkJy1m2 113JazmzqoRfRrT7BTHNPnXvpoFYc5Gy
8MgZcn1yamqY7y740hY1pxVMntbisL70 dx9JI0DXq7xSoi716z49013vxnTBSSSo
fLkz7LnQyQaa6WP83VDY2pFDE5F9CVJF aXkc7Nhg08eu9SjhLMwuNYdoVUzsvMaN
YjuNqmZKMiQVy3skkFupDw60s5RLNcj0 7pAwibywgFElr6xYDfpbLBbSOoQ7PBER
FgZmrnQktbsKS26CpCr1YcRPuKwrQZDh isiYBMks3gpyBH3HR7jX0lexpOllRA9p
aNZ6rVStKLuVVwV4BHmtOkbyhOMZImpt deTqhg4RGLOmVe2Pg6sudtPyt7cxgoYP
9yvfdF6HPn7AybpSj8sJVI6Nolhi073W mxrGSEF6dlsRTD59NK7XageJaigk9gta
WeTyJY3751nVfk1S4yEPbTVDUWpHhEdn nQokFPTuRh9adVbCVlRPrhUBfliKcmyL
rITsr1wbxEpIuBXQxbrhAMKsaKDodCs2 btIFwYsxRbZ5sQkEfXDMXPjhdpvplG32
Dumping from emulator-5556
Querying (emulator-5556) "@"
mnPKgvc5GlDSyCsFpiXgiLP7GjkJy1m2 113JazmzqoRfRrT7BTHNPnXvpoFYc5Gy
fLkz7LnQyQaa6WP83VDY2pFDE5F9CVJF aXkc7Nhg08eu9SjhLMwuNYdoVUzsvMaN
dFUEXNWSVNgT7sdP7AjRTux3xJkAnVg5 2ZYR6zjFkWB4ECU0AEXAtXEoYKDii5Df
8MgZcn1yamqY7y740hY1pxVMntbisL70 dx9JI0DXq7xSoi716z49013vxnTBSSSo
FgZmrnQktbsKS26CpCr1YcRPuKwrQZDh isiYBMks3gpyBH3HR7jX0lexpOllRA9p
ejUypRmpT2N4vTfySo8yh3FotlTcNgb7 62YJJZRKtTmvqCkLCwiHcaeIeqGPLWef
aNZ6rVStKLuVVwV4BHmtOkbyhOMZImpt deTqhg4RGLOmVe2Pg6sudtPyt7cxgoYP
4XUVPNDFZ8TwAd5xRBLPD6SYQYm7tjVZ 90cwxaQe6MYglBQ3XuhiAliCkmR5s4fG
9yvfdF6HPn7AybpSj8sJVI6Nolhi073W mxrGSEF6dlsRTD59NK7XageJaigk9gta
Dumping from emulator-5558
Querying (emulator-5558) "@"
rITsr1wbxEpIuBXQxbrhAMKsaKDodCs2 btIFwYsxRbZ5sQkEfXDMXPjhdpvplG32
XGjVfalQeheC8K8AvUr5qqwFMrqvvraa It59pFsibUF9xyXFgirj6lioKwgayseX
4nn9KYYWwYB6yNtNPSTnaQNX3u2gJzCu C8vko9m27dyXVp2VPHiYStmW1IAsMQDo
YPIfr4ga0hKR7MJ7ltxe5kQxYv9N2ciQ xJj9g0hopMftzuEVfBZ4rYEPORisdeo9
bopru6gOuA7DkIvB9jq0zERTDUBPdBN1 dmTEfPHNYzRPuf5c2hPlP1dRw0Q8evzo
2ZH3pJ1QkQVI9uypNR3qzgsSuP9UY5ck hLNYlXlCGVYaFifbIpinalxuUZNBHBFh
YjuNqmZKMiQVy3skkFupDw60s5RLNcj0 7pAwibywgFElr6xYDfpbLBbSOoQ7PBER
0YZZTr2usjEDggDFd8bUo77aZGHbmu2e l6es6aONmgMFwVwk5I3VvszOUlNuAppT
bKS7nhSJaxtPMkAEGbhCE9nxDHqapTm8 6Mh55Mc5EOsHo5XWqRXNef2LATkcQsZF
45ndrviKgGrZ589DbZpeSXNpWlSjnxdL pejYrZ3Rl1dJpJBDgqGjTdWjIJZ8fSM2
9mCfDy0xKD2ur3pXc29HDFYfuFnzSMTe Tb8BmFG6gOuDvBHHci2vhCrVdBtuqEQB
qmkt8eX6aCNwccL7ukO6zxoN993x55eB Fn4qHtvZVITiarvlkLvF0d52hE3qwOSW
aU292u6kS7OoHOoH6zyOjC7Y15cIcEPE qLchSVl3NxzrEb9RY1TpBNjtcAMR03bk
oeMRhBvQXiF2zDpCuuWiOQe45CbJwkvO hlWbcCgAHrDzfluVZUhDOHNML89FXFDR
WeTyJY3751nVfk1S4yEPbTVDUWpHhEdn nQokFPTuRh9adVbCVlRPrhUBfliKcmyL
OpuReg6TddGwqit1kRAKKPElzoZMd4xi jmor1y8nyjrpaQccGFqTeqkKaQVMvGwl
Dumping from emulator-5560
Querying (emulator-5560) "@"
rITsr1wbxEpIuBXQxbrhAMKsaKDodCs2 btIFwYsxRbZ5sQkEfXDMXPjhdpvplG32
XGjVfalQeheC8K8AvUr5qqwFMrqvvraa It59pFsibUF9xyXFgirj6lioKwgayseX
4nn9KYYWwYB6yNtNPSTnaQNX3u2gJzCu C8vko9m27dyXVp2VPHiYStmW1IAsMQDo
4XUVPNDFZ8TwAd5xRBLPD6SYQYm7tjVZ 90cwxaQe6MYglBQ3XuhiAliCkmR5s4fG
dFUEXNWSVNgT7sdP7AjRTux3xJkAnVg5 2ZYR6zjFkWB4ECU0AEXAtXEoYKDii5Df
YPIfr4ga0hKR7MJ7ltxe5kQxYv9N2ciQ xJj9g0hopMftzuEVfBZ4rYEPORisdeo9
bopru6gOuA7DkIvB9jq0zERTDUBPdBN1 dmTEfPHNYzRPuf5c2hPlP1dRw0Q8evzo
2ZH3pJ1QkQVI9uypNR3qzgsSuP9UY5ck hLNYlXlCGVYaFifbIpinalxuUZNBHBFh
OpuReg6TddGwqit1kRAKKPElzoZMd4xi jmor1y8nyjrpaQccGFqTeqkKaQVMvGwl
YjuNqmZKMiQVy3skkFupDw60s5RLNcj0 7pAwibywgFElr6xYDfpbLBbSOoQ7PBER
0YZZTr2usjEDggDFd8bUo77aZGHbmu2e l6es6aONmgMFwVwk5I3VvszOUlNuAppT
bKS7nhSJaxtPMkAEGbhCE9nxDHqapTm8 6Mh55Mc5EOsHo5XWqRXNef2LATkcQsZF
45ndrviKgGrZ589DbZpeSXNpWlSjnxdL pejYrZ3Rl1dJpJBDgqGjTdWjIJZ8fSM2
9mCfDy0xKD2ur3pXc29HDFYfuFnzSMTe Tb8BmFG6gOuDvBHHci2vhCrVdBtuqEQB
qmkt8eX6aCNwccL7ukO6zxoN993x55eB Fn4qHtvZVITiarvlkLvF0d52hE3qwOSW
aU292u6kS7OoHOoH6zyOjC7Y15cIcEPE qLchSVl3NxzrEb9RY1TpBNjtcAMR03bk
oeMRhBvQXiF2zDpCuuWiOQe45CbJwkvO hlWbcCgAHrDzfluVZUhDOHNML89FXFDR
WeTyJY3751nVfk1S4yEPbTVDUWpHhEdn nQokFPTuRh9adVbCVlRPrhUBfliKcmyL
ejUypRmpT2N4vTfySo8yh3FotlTcNgb7 62YJJZRKtTmvqCkLCwiHcaeIeqGPLWef
Dumping from emulator-5562
Querying (emulator-5562) "@"
9yvfdF6HPn7AybpSj8sJVI6Nolhi073W mxrGSEF6dlsRTD59NK7XageJaigk9gta
2ZH3pJ1QkQVI9uypNR3qzgsSuP9UY5ck hLNYlXlCGVYaFifbIpinalxuUZNBHBFh
8MgZcn1yamqY7y740hY1pxVMntbisL70 dx9JI0DXq7xSoi716z49013vxnTBSSSo
YPIfr4ga0hKR7MJ7ltxe5kQxYv9N2ciQ xJj9g0hopMftzuEVfBZ4rYEPORisdeo9
9mCfDy0xKD2ur3pXc29HDFYfuFnzSMTe Tb8BmFG6gOuDvBHHci2vhCrVdBtuqEQB
aU292u6kS7OoHOoH6zyOjC7Y15cIcEPE qLchSVl3NxzrEb9RY1TpBNjtcAMR03bk
4XUVPNDFZ8TwAd5xRBLPD6SYQYm7tjVZ 90cwxaQe6MYglBQ3XuhiAliCkmR5s4fG
aNZ6rVStKLuVVwV4BHmtOkbyhOMZImpt deTqhg4RGLOmVe2Pg6sudtPyt7cxgoYP
0YZZTr2usjEDggDFd8bUo77aZGHbmu2e l6es6aONmgMFwVwk5I3VvszOUlNuAppT
OpuReg6TddGwqit1kRAKKPElzoZMd4xi jmor1y8nyjrpaQccGFqTeqkKaQVMvGwl
oeMRhBvQXiF2zDpCuuWiOQe45CbJwkvO hlWbcCgAHrDzfluVZUhDOHNML89FXFDR
XGjVfalQeheC8K8AvUr5qqwFMrqvvraa It59pFsibUF9xyXFgirj6lioKwgayseX
4nn9KYYWwYB6yNtNPSTnaQNX3u2gJzCu C8vko9m27dyXVp2VPHiYStmW1IAsMQDo
bopru6gOuA7DkIvB9jq0zERTDUBPdBN1 dmTEfPHNYzRPuf5c2hPlP1dRw0Q8evzo
FgZmrnQktbsKS26CpCr1YcRPuKwrQZDh isiYBMks3gpyBH3HR7jX0lexpOllRA9p
ejUypRmpT2N4vTfySo8yh3FotlTcNgb7 62YJJZRKtTmvqCkLCwiHcaeIeqGPLWef
mnPKgvc5GlDSyCsFpiXgiLP7GjkJy1m2 113JazmzqoRfRrT7BTHNPnXvpoFYc5Gy
fLkz7LnQyQaa6WP83VDY2pFDE5F9CVJF aXkc7Nhg08eu9SjhLMwuNYdoVUzsvMaN
dFUEXNWSVNgT7sdP7AjRTux3xJkAnVg5 2ZYR6zjFkWB4ECU0AEXAtXEoYKDii5Df
bKS7nhSJaxtPMkAEGbhCE9nxDHqapTm8 6Mh55Mc5EOsHo5XWqRXNef2LATkcQsZF
45ndrviKgGrZ589DbZpeSXNpWlSjnxdL pejYrZ3Rl1dJpJBDgqGjTdWjIJZ8fSM2
qmkt8eX6aCNwccL7ukO6zxoN993x55eB Fn4qHtvZVITiarvlkLvF0d52hE3qwOSW
Testing  9yvfdF6HPn7AybpSj8sJVI6Nolhi073W mxrGSEF6dlsRTD59NK7XageJaigk9gta
Testing  2ZH3pJ1QkQVI9uypNR3qzgsSuP9UY5ck hLNYlXlCGVYaFifbIpinalxuUZNBHBFh
Testing  8MgZcn1yamqY7y740hY1pxVMntbisL70 dx9JI0DXq7xSoi716z49013vxnTBSSSo
Testing  YPIfr4ga0hKR7MJ7ltxe5kQxYv9N2ciQ xJj9g0hopMftzuEVfBZ4rYEPORisdeo9
Testing  9mCfDy0xKD2ur3pXc29HDFYfuFnzSMTe Tb8BmFG6gOuDvBHHci2vhCrVdBtuqEQB
Testing  aU292u6kS7OoHOoH6zyOjC7Y15cIcEPE qLchSVl3NxzrEb9RY1TpBNjtcAMR03bk
Testing  4XUVPNDFZ8TwAd5xRBLPD6SYQYm7tjVZ 90cwxaQe6MYglBQ3XuhiAliCkmR5s4fG
Testing  aNZ6rVStKLuVVwV4BHmtOkbyhOMZImpt deTqhg4RGLOmVe2Pg6sudtPyt7cxgoYP
Testing  0YZZTr2usjEDggDFd8bUo77aZGHbmu2e l6es6aONmgMFwVwk5I3VvszOUlNuAppT
Testing  YjuNqmZKMiQVy3skkFupDw60s5RLNcj0 7pAwibywgFElr6xYDfpbLBbSOoQ7PBER
Testing  OpuReg6TddGwqit1kRAKKPElzoZMd4xi jmor1y8nyjrpaQccGFqTeqkKaQVMvGwl
Testing  oeMRhBvQXiF2zDpCuuWiOQe45CbJwkvO hlWbcCgAHrDzfluVZUhDOHNML89FXFDR
Testing  XGjVfalQeheC8K8AvUr5qqwFMrqvvraa It59pFsibUF9xyXFgirj6lioKwgayseX
Testing  4nn9KYYWwYB6yNtNPSTnaQNX3u2gJzCu C8vko9m27dyXVp2VPHiYStmW1IAsMQDo
Testing  bopru6gOuA7DkIvB9jq0zERTDUBPdBN1 dmTEfPHNYzRPuf5c2hPlP1dRw0Q8evzo
Testing  FgZmrnQktbsKS26CpCr1YcRPuKwrQZDh isiYBMks3gpyBH3HR7jX0lexpOllRA9p
Testing  ejUypRmpT2N4vTfySo8yh3FotlTcNgb7 62YJJZRKtTmvqCkLCwiHcaeIeqGPLWef
Testing  rITsr1wbxEpIuBXQxbrhAMKsaKDodCs2 btIFwYsxRbZ5sQkEfXDMXPjhdpvplG32
Testing  mnPKgvc5GlDSyCsFpiXgiLP7GjkJy1m2 113JazmzqoRfRrT7BTHNPnXvpoFYc5Gy
Testing  fLkz7LnQyQaa6WP83VDY2pFDE5F9CVJF aXkc7Nhg08eu9SjhLMwuNYdoVUzsvMaN
Testing  dFUEXNWSVNgT7sdP7AjRTux3xJkAnVg5 2ZYR6zjFkWB4ECU0AEXAtXEoYKDii5Df
Testing  bKS7nhSJaxtPMkAEGbhCE9nxDHqapTm8 6Mh55Mc5EOsHo5XWqRXNef2LATkcQsZF
Testing  45ndrviKgGrZ589DbZpeSXNpWlSjnxdL pejYrZ3Rl1dJpJBDgqGjTdWjIJZ8fSM2
Testing  qmkt8eX6aCNwccL7ukO6zxoN993x55eB Fn4qHtvZVITiarvlkLvF0d52hE3qwOSW
Testing  WeTyJY3751nVfk1S4yEPbTVDUWpHhEdn nQokFPTuRh9adVbCVlRPrhUBfliKcmyL
Checking replication
Querying (emulator-5554) "@"
Querying (emulator-5556) "@"
Querying (emulator-5558) "@"
Querying (emulator-5560) "@"
Querying (emulator-5562) "@"
Testing 9yvfdF6HPn7AybpSj8sJVI6Nolhi073W mxrGSEF6dlsRTD59NK7XageJaigk9gta
Testing 2ZH3pJ1QkQVI9uypNR3qzgsSuP9UY5ck hLNYlXlCGVYaFifbIpinalxuUZNBHBFh
Testing 8MgZcn1yamqY7y740hY1pxVMntbisL70 dx9JI0DXq7xSoi716z49013vxnTBSSSo
Testing YPIfr4ga0hKR7MJ7ltxe5kQxYv9N2ciQ xJj9g0hopMftzuEVfBZ4rYEPORisdeo9
Testing 9mCfDy0xKD2ur3pXc29HDFYfuFnzSMTe Tb8BmFG6gOuDvBHHci2vhCrVdBtuqEQB
Testing aU292u6kS7OoHOoH6zyOjC7Y15cIcEPE qLchSVl3NxzrEb9RY1TpBNjtcAMR03bk
Testing 4XUVPNDFZ8TwAd5xRBLPD6SYQYm7tjVZ 90cwxaQe6MYglBQ3XuhiAliCkmR5s4fG
Testing aNZ6rVStKLuVVwV4BHmtOkbyhOMZImpt deTqhg4RGLOmVe2Pg6sudtPyt7cxgoYP
Testing 0YZZTr2usjEDggDFd8bUo77aZGHbmu2e l6es6aONmgMFwVwk5I3VvszOUlNuAppT
Testing YjuNqmZKMiQVy3skkFupDw60s5RLNcj0 7pAwibywgFElr6xYDfpbLBbSOoQ7PBER
Testing OpuReg6TddGwqit1kRAKKPElzoZMd4xi jmor1y8nyjrpaQccGFqTeqkKaQVMvGwl
Testing oeMRhBvQXiF2zDpCuuWiOQe45CbJwkvO hlWbcCgAHrDzfluVZUhDOHNML89FXFDR
Testing XGjVfalQeheC8K8AvUr5qqwFMrqvvraa It59pFsibUF9xyXFgirj6lioKwgayseX
Testing 4nn9KYYWwYB6yNtNPSTnaQNX3u2gJzCu C8vko9m27dyXVp2VPHiYStmW1IAsMQDo
Testing bopru6gOuA7DkIvB9jq0zERTDUBPdBN1 dmTEfPHNYzRPuf5c2hPlP1dRw0Q8evzo
Testing FgZmrnQktbsKS26CpCr1YcRPuKwrQZDh isiYBMks3gpyBH3HR7jX0lexpOllRA9p
Testing ejUypRmpT2N4vTfySo8yh3FotlTcNgb7 62YJJZRKtTmvqCkLCwiHcaeIeqGPLWef
Testing rITsr1wbxEpIuBXQxbrhAMKsaKDodCs2 btIFwYsxRbZ5sQkEfXDMXPjhdpvplG32
Testing mnPKgvc5GlDSyCsFpiXgiLP7GjkJy1m2 113JazmzqoRfRrT7BTHNPnXvpoFYc5Gy
Testing fLkz7LnQyQaa6WP83VDY2pFDE5F9CVJF aXkc7Nhg08eu9SjhLMwuNYdoVUzsvMaN
Testing dFUEXNWSVNgT7sdP7AjRTux3xJkAnVg5 2ZYR6zjFkWB4ECU0AEXAtXEoYKDii5Df
Testing bKS7nhSJaxtPMkAEGbhCE9nxDHqapTm8 6Mh55Mc5EOsHo5XWqRXNef2LATkcQsZF
Testing 45ndrviKgGrZ589DbZpeSXNpWlSjnxdL pejYrZ3Rl1dJpJBDgqGjTdWjIJZ8fSM2
Testing qmkt8eX6aCNwccL7ukO6zxoN993x55eB Fn4qHtvZVITiarvlkLvF0d52hE3qwOSW
Testing WeTyJY3751nVfk1S4yEPbTVDUWpHhEdn nQokFPTuRh9adVbCVlRPrhUBfliKcmyL
Checking key placement
Verifying emulator-5554
Querying (emulator-5554) "@"
Testing mnPKgvc5GlDSyCsFpiXgiLP7GjkJy1m2 113JazmzqoRfRrT7BTHNPnXvpoFYc5Gy
Testing 8MgZcn1yamqY7y740hY1pxVMntbisL70 dx9JI0DXq7xSoi716z49013vxnTBSSSo
Testing fLkz7LnQyQaa6WP83VDY2pFDE5F9CVJF aXkc7Nhg08eu9SjhLMwuNYdoVUzsvMaN
Testing YjuNqmZKMiQVy3skkFupDw60s5RLNcj0 7pAwibywgFElr6xYDfpbLBbSOoQ7PBER
Testing FgZmrnQktbsKS26CpCr1YcRPuKwrQZDh isiYBMks3gpyBH3HR7jX0lexpOllRA9p
Testing aNZ6rVStKLuVVwV4BHmtOkbyhOMZImpt deTqhg4RGLOmVe2Pg6sudtPyt7cxgoYP
Testing 9yvfdF6HPn7AybpSj8sJVI6Nolhi073W mxrGSEF6dlsRTD59NK7XageJaigk9gta
Testing WeTyJY3751nVfk1S4yEPbTVDUWpHhEdn nQokFPTuRh9adVbCVlRPrhUBfliKcmyL
Testing rITsr1wbxEpIuBXQxbrhAMKsaKDodCs2 btIFwYsxRbZ5sQkEfXDMXPjhdpvplG32
Verifying emulator-5556
Querying (emulator-5556) "@"
Testing mnPKgvc5GlDSyCsFpiXgiLP7GjkJy1m2 113JazmzqoRfRrT7BTHNPnXvpoFYc5Gy
Testing fLkz7LnQyQaa6WP83VDY2pFDE5F9CVJF aXkc7Nhg08eu9SjhLMwuNYdoVUzsvMaN
Testing dFUEXNWSVNgT7sdP7AjRTux3xJkAnVg5 2ZYR6zjFkWB4ECU0AEXAtXEoYKDii5Df
Testing 8MgZcn1yamqY7y740hY1pxVMntbisL70 dx9JI0DXq7xSoi716z49013vxnTBSSSo
Testing FgZmrnQktbsKS26CpCr1YcRPuKwrQZDh isiYBMks3gpyBH3HR7jX0lexpOllRA9p
Testing ejUypRmpT2N4vTfySo8yh3FotlTcNgb7 62YJJZRKtTmvqCkLCwiHcaeIeqGPLWef
Testing aNZ6rVStKLuVVwV4BHmtOkbyhOMZImpt deTqhg4RGLOmVe2Pg6sudtPyt7cxgoYP
Testing 4XUVPNDFZ8TwAd5xRBLPD6SYQYm7tjVZ 90cwxaQe6MYglBQ3XuhiAliCkmR5s4fG
Testing 9yvfdF6HPn7AybpSj8sJVI6Nolhi073W mxrGSEF6dlsRTD59NK7XageJaigk9gta
Verifying emulator-5558
Querying (emulator-5558) "@"
Testing rITsr1wbxEpIuBXQxbrhAMKsaKDodCs2 btIFwYsxRbZ5sQkEfXDMXPjhdpvplG32
Testing XGjVfalQeheC8K8AvUr5qqwFMrqvvraa It59pFsibUF9xyXFgirj6lioKwgayseX
Testing 4nn9KYYWwYB6yNtNPSTnaQNX3u2gJzCu C8vko9m27dyXVp2VPHiYStmW1IAsMQDo
Testing YPIfr4ga0hKR7MJ7ltxe5kQxYv9N2ciQ xJj9g0hopMftzuEVfBZ4rYEPORisdeo9
Testing bopru6gOuA7DkIvB9jq0zERTDUBPdBN1 dmTEfPHNYzRPuf5c2hPlP1dRw0Q8evzo
Testing 2ZH3pJ1QkQVI9uypNR3qzgsSuP9UY5ck hLNYlXlCGVYaFifbIpinalxuUZNBHBFh
Testing YjuNqmZKMiQVy3skkFupDw60s5RLNcj0 7pAwibywgFElr6xYDfpbLBbSOoQ7PBER
Testing 0YZZTr2usjEDggDFd8bUo77aZGHbmu2e l6es6aONmgMFwVwk5I3VvszOUlNuAppT
Testing bKS7nhSJaxtPMkAEGbhCE9nxDHqapTm8 6Mh55Mc5EOsHo5XWqRXNef2LATkcQsZF
Testing 45ndrviKgGrZ589DbZpeSXNpWlSjnxdL pejYrZ3Rl1dJpJBDgqGjTdWjIJZ8fSM2
Testing 9mCfDy0xKD2ur3pXc29HDFYfuFnzSMTe Tb8BmFG6gOuDvBHHci2vhCrVdBtuqEQB
Testing qmkt8eX6aCNwccL7ukO6zxoN993x55eB Fn4qHtvZVITiarvlkLvF0d52hE3qwOSW
Testing aU292u6kS7OoHOoH6zyOjC7Y15cIcEPE qLchSVl3NxzrEb9RY1TpBNjtcAMR03bk
Testing oeMRhBvQXiF2zDpCuuWiOQe45CbJwkvO hlWbcCgAHrDzfluVZUhDOHNML89FXFDR
Testing WeTyJY3751nVfk1S4yEPbTVDUWpHhEdn nQokFPTuRh9adVbCVlRPrhUBfliKcmyL
Testing OpuReg6TddGwqit1kRAKKPElzoZMd4xi jmor1y8nyjrpaQccGFqTeqkKaQVMvGwl
Verifying emulator-5560
Querying (emulator-5560) "@"
Testing rITsr1wbxEpIuBXQxbrhAMKsaKDodCs2 btIFwYsxRbZ5sQkEfXDMXPjhdpvplG32
Testing XGjVfalQeheC8K8AvUr5qqwFMrqvvraa It59pFsibUF9xyXFgirj6lioKwgayseX
Testing 4nn9KYYWwYB6yNtNPSTnaQNX3u2gJzCu C8vko9m27dyXVp2VPHiYStmW1IAsMQDo
Testing 4XUVPNDFZ8TwAd5xRBLPD6SYQYm7tjVZ 90cwxaQe6MYglBQ3XuhiAliCkmR5s4fG
Testing dFUEXNWSVNgT7sdP7AjRTux3xJkAnVg5 2ZYR6zjFkWB4ECU0AEXAtXEoYKDii5Df
Testing YPIfr4ga0hKR7MJ7ltxe5kQxYv9N2ciQ xJj9g0hopMftzuEVfBZ4rYEPORisdeo9
Testing bopru6gOuA7DkIvB9jq0zERTDUBPdBN1 dmTEfPHNYzRPuf5c2hPlP1dRw0Q8evzo
Testing 2ZH3pJ1QkQVI9uypNR3qzgsSuP9UY5ck hLNYlXlCGVYaFifbIpinalxuUZNBHBFh
Testing OpuReg6TddGwqit1kRAKKPElzoZMd4xi jmor1y8nyjrpaQccGFqTeqkKaQVMvGwl
Testing YjuNqmZKMiQVy3skkFupDw60s5RLNcj0 7pAwibywgFElr6xYDfpbLBbSOoQ7PBER
Testing 0YZZTr2usjEDggDFd8bUo77aZGHbmu2e l6es6aONmgMFwVwk5I3VvszOUlNuAppT
Testing bKS7nhSJaxtPMkAEGbhCE9nxDHqapTm8 6Mh55Mc5EOsHo5XWqRXNef2LATkcQsZF
Testing 45ndrviKgGrZ589DbZpeSXNpWlSjnxdL pejYrZ3Rl1dJpJBDgqGjTdWjIJZ8fSM2
Testing 9mCfDy0xKD2ur3pXc29HDFYfuFnzSMTe Tb8BmFG6gOuDvBHHci2vhCrVdBtuqEQB
Testing qmkt8eX6aCNwccL7ukO6zxoN993x55eB Fn4qHtvZVITiarvlkLvF0d52hE3qwOSW
Testing aU292u6kS7OoHOoH6zyOjC7Y15cIcEPE qLchSVl3NxzrEb9RY1TpBNjtcAMR03bk
Testing oeMRhBvQXiF2zDpCuuWiOQe45CbJwkvO hlWbcCgAHrDzfluVZUhDOHNML89FXFDR
Testing WeTyJY3751nVfk1S4yEPbTVDUWpHhEdn nQokFPTuRh9adVbCVlRPrhUBfliKcmyL
Testing ejUypRmpT2N4vTfySo8yh3FotlTcNgb7 62YJJZRKtTmvqCkLCwiHcaeIeqGPLWef
Verifying emulator-5562
Querying (emulator-5562) "@"
Testing 9yvfdF6HPn7AybpSj8sJVI6Nolhi073W mxrGSEF6dlsRTD59NK7XageJaigk9gta
Testing 2ZH3pJ1QkQVI9uypNR3qzgsSuP9UY5ck hLNYlXlCGVYaFifbIpinalxuUZNBHBFh
Testing 8MgZcn1yamqY7y740hY1pxVMntbisL70 dx9JI0DXq7xSoi716z49013vxnTBSSSo
Testing YPIfr4ga0hKR7MJ7ltxe5kQxYv9N2ciQ xJj9g0hopMftzuEVfBZ4rYEPORisdeo9
Testing 9mCfDy0xKD2ur3pXc29HDFYfuFnzSMTe Tb8BmFG6gOuDvBHHci2vhCrVdBtuqEQB
Testing aU292u6kS7OoHOoH6zyOjC7Y15cIcEPE qLchSVl3NxzrEb9RY1TpBNjtcAMR03bk
Testing 4XUVPNDFZ8TwAd5xRBLPD6SYQYm7tjVZ 90cwxaQe6MYglBQ3XuhiAliCkmR5s4fG
Testing aNZ6rVStKLuVVwV4BHmtOkbyhOMZImpt deTqhg4RGLOmVe2Pg6sudtPyt7cxgoYP
Testing 0YZZTr2usjEDggDFd8bUo77aZGHbmu2e l6es6aONmgMFwVwk5I3VvszOUlNuAppT
Testing OpuReg6TddGwqit1kRAKKPElzoZMd4xi jmor1y8nyjrpaQccGFqTeqkKaQVMvGwl
Testing oeMRhBvQXiF2zDpCuuWiOQe45CbJwkvO hlWbcCgAHrDzfluVZUhDOHNML89FXFDR
Testing XGjVfalQeheC8K8AvUr5qqwFMrqvvraa It59pFsibUF9xyXFgirj6lioKwgayseX
Testing 4nn9KYYWwYB6yNtNPSTnaQNX3u2gJzCu C8vko9m27dyXVp2VPHiYStmW1IAsMQDo
Testing bopru6gOuA7DkIvB9jq0zERTDUBPdBN1 dmTEfPHNYzRPuf5c2hPlP1dRw0Q8evzo
Testing FgZmrnQktbsKS26CpCr1YcRPuKwrQZDh isiYBMks3gpyBH3HR7jX0lexpOllRA9p
Testing ejUypRmpT2N4vTfySo8yh3FotlTcNgb7 62YJJZRKtTmvqCkLCwiHcaeIeqGPLWef
Testing mnPKgvc5GlDSyCsFpiXgiLP7GjkJy1m2 113JazmzqoRfRrT7BTHNPnXvpoFYc5Gy
Testing fLkz7LnQyQaa6WP83VDY2pFDE5F9CVJF aXkc7Nhg08eu9SjhLMwuNYdoVUzsvMaN
Testing dFUEXNWSVNgT7sdP7AjRTux3xJkAnVg5 2ZYR6zjFkWB4ECU0AEXAtXEoYKDii5Df
Testing bKS7nhSJaxtPMkAEGbhCE9nxDHqapTm8 6Mh55Mc5EOsHo5XWqRXNef2LATkcQsZF
Testing 45ndrviKgGrZ589DbZpeSXNpWlSjnxdL pejYrZ3Rl1dJpJBDgqGjTdWjIJZ8fSM2
Testing qmkt8eX6aCNwccL7ukO6zxoN993x55eB Fn4qHtvZVITiarvlkLvF0d52hE3qwOSW
Testing queries on emulator-5554
Querying (emulator-5554) 9yvfdF6HPn7AybpSj8sJVI6Nolhi073W
Querying (emulator-5554) 2ZH3pJ1QkQVI9uypNR3qzgsSuP9UY5ck
Querying (emulator-5554) 8MgZcn1yamqY7y740hY1pxVMntbisL70
Querying (emulator-5554) YPIfr4ga0hKR7MJ7ltxe5kQxYv9N2ciQ
Querying (emulator-5554) 9mCfDy0xKD2ur3pXc29HDFYfuFnzSMTe
Querying (emulator-5554) aU292u6kS7OoHOoH6zyOjC7Y15cIcEPE
Querying (emulator-5554) 4XUVPNDFZ8TwAd5xRBLPD6SYQYm7tjVZ
Querying (emulator-5554) aNZ6rVStKLuVVwV4BHmtOkbyhOMZImpt
Querying (emulator-5554) 0YZZTr2usjEDggDFd8bUo77aZGHbmu2e
Querying (emulator-5554) YjuNqmZKMiQVy3skkFupDw60s5RLNcj0
Querying (emulator-5554) OpuReg6TddGwqit1kRAKKPElzoZMd4xi
Querying (emulator-5554) oeMRhBvQXiF2zDpCuuWiOQe45CbJwkvO
Querying (emulator-5554) XGjVfalQeheC8K8AvUr5qqwFMrqvvraa
Querying (emulator-5554) 4nn9KYYWwYB6yNtNPSTnaQNX3u2gJzCu
Querying (emulator-5554) bopru6gOuA7DkIvB9jq0zERTDUBPdBN1
Querying (emulator-5554) FgZmrnQktbsKS26CpCr1YcRPuKwrQZDh
Querying (emulator-5554) ejUypRmpT2N4vTfySo8yh3FotlTcNgb7
Querying (emulator-5554) rITsr1wbxEpIuBXQxbrhAMKsaKDodCs2
Querying (emulator-5554) mnPKgvc5GlDSyCsFpiXgiLP7GjkJy1m2
Querying (emulator-5554) fLkz7LnQyQaa6WP83VDY2pFDE5F9CVJF
Querying (emulator-5554) dFUEXNWSVNgT7sdP7AjRTux3xJkAnVg5
Querying (emulator-5554) bKS7nhSJaxtPMkAEGbhCE9nxDHqapTm8
Querying (emulator-5554) 45ndrviKgGrZ589DbZpeSXNpWlSjnxdL
Querying (emulator-5554) qmkt8eX6aCNwccL7ukO6zxoN993x55eB
Querying (emulator-5554) WeTyJY3751nVfk1S4yEPbTVDUWpHhEdn
Testing  9yvfdF6HPn7AybpSj8sJVI6Nolhi073W mxrGSEF6dlsRTD59NK7XageJaigk9gta
Testing  2ZH3pJ1QkQVI9uypNR3qzgsSuP9UY5ck hLNYlXlCGVYaFifbIpinalxuUZNBHBFh
Testing  8MgZcn1yamqY7y740hY1pxVMntbisL70 dx9JI0DXq7xSoi716z49013vxnTBSSSo
Testing  YPIfr4ga0hKR7MJ7ltxe5kQxYv9N2ciQ xJj9g0hopMftzuEVfBZ4rYEPORisdeo9
Testing  9mCfDy0xKD2ur3pXc29HDFYfuFnzSMTe Tb8BmFG6gOuDvBHHci2vhCrVdBtuqEQB
Testing  aU292u6kS7OoHOoH6zyOjC7Y15cIcEPE qLchSVl3NxzrEb9RY1TpBNjtcAMR03bk
Testing  4XUVPNDFZ8TwAd5xRBLPD6SYQYm7tjVZ 90cwxaQe6MYglBQ3XuhiAliCkmR5s4fG
Testing  aNZ6rVStKLuVVwV4BHmtOkbyhOMZImpt deTqhg4RGLOmVe2Pg6sudtPyt7cxgoYP
Testing  0YZZTr2usjEDggDFd8bUo77aZGHbmu2e l6es6aONmgMFwVwk5I3VvszOUlNuAppT
Testing  YjuNqmZKMiQVy3skkFupDw60s5RLNcj0 7pAwibywgFElr6xYDfpbLBbSOoQ7PBER
Testing  OpuReg6TddGwqit1kRAKKPElzoZMd4xi jmor1y8nyjrpaQccGFqTeqkKaQVMvGwl
Testing  oeMRhBvQXiF2zDpCuuWiOQe45CbJwkvO hlWbcCgAHrDzfluVZUhDOHNML89FXFDR
Testing  XGjVfalQeheC8K8AvUr5qqwFMrqvvraa It59pFsibUF9xyXFgirj6lioKwgayseX
Testing  4nn9KYYWwYB6yNtNPSTnaQNX3u2gJzCu C8vko9m27dyXVp2VPHiYStmW1IAsMQDo
Testing  bopru6gOuA7DkIvB9jq0zERTDUBPdBN1 dmTEfPHNYzRPuf5c2hPlP1dRw0Q8evzo
Testing  FgZmrnQktbsKS26CpCr1YcRPuKwrQZDh isiYBMks3gpyBH3HR7jX0lexpOllRA9p
Testing  ejUypRmpT2N4vTfySo8yh3FotlTcNgb7 62YJJZRKtTmvqCkLCwiHcaeIeqGPLWef
Testing  rITsr1wbxEpIuBXQxbrhAMKsaKDodCs2 btIFwYsxRbZ5sQkEfXDMXPjhdpvplG32
Testing  mnPKgvc5GlDSyCsFpiXgiLP7GjkJy1m2 113JazmzqoRfRrT7BTHNPnXvpoFYc5Gy
Testing  fLkz7LnQyQaa6WP83VDY2pFDE5F9CVJF aXkc7Nhg08eu9SjhLMwuNYdoVUzsvMaN
Testing  dFUEXNWSVNgT7sdP7AjRTux3xJkAnVg5 2ZYR6zjFkWB4ECU0AEXAtXEoYKDii5Df
Testing  bKS7nhSJaxtPMkAEGbhCE9nxDHqapTm8 6Mh55Mc5EOsHo5XWqRXNef2LATkcQsZF
Testing  45ndrviKgGrZ589DbZpeSXNpWlSjnxdL pejYrZ3Rl1dJpJBDgqGjTdWjIJZ8fSM2
Testing  qmkt8eX6aCNwccL7ukO6zxoN993x55eB Fn4qHtvZVITiarvlkLvF0d52hE3qwOSW
Testing  WeTyJY3751nVfk1S4yEPbTVDUWpHhEdn nQokFPTuRh9adVbCVlRPrhUBfliKcmyL
Testing '*' query on emulator-5554
Querying (emulator-5554) "*"
Testing  9yvfdF6HPn7AybpSj8sJVI6Nolhi073W mxrGSEF6dlsRTD59NK7XageJaigk9gta
Testing  2ZH3pJ1QkQVI9uypNR3qzgsSuP9UY5ck hLNYlXlCGVYaFifbIpinalxuUZNBHBFh
Testing  8MgZcn1yamqY7y740hY1pxVMntbisL70 dx9JI0DXq7xSoi716z49013vxnTBSSSo
Testing  YPIfr4ga0hKR7MJ7ltxe5kQxYv9N2ciQ xJj9g0hopMftzuEVfBZ4rYEPORisdeo9
Testing  9mCfDy0xKD2ur3pXc29HDFYfuFnzSMTe Tb8BmFG6gOuDvBHHci2vhCrVdBtuqEQB
Testing  aU292u6kS7OoHOoH6zyOjC7Y15cIcEPE qLchSVl3NxzrEb9RY1TpBNjtcAMR03bk
Testing  4XUVPNDFZ8TwAd5xRBLPD6SYQYm7tjVZ 90cwxaQe6MYglBQ3XuhiAliCkmR5s4fG
Testing  aNZ6rVStKLuVVwV4BHmtOkbyhOMZImpt deTqhg4RGLOmVe2Pg6sudtPyt7cxgoYP
Testing  0YZZTr2usjEDggDFd8bUo77aZGHbmu2e l6es6aONmgMFwVwk5I3VvszOUlNuAppT
Testing  YjuNqmZKMiQVy3skkFupDw60s5RLNcj0 7pAwibywgFElr6xYDfpbLBbSOoQ7PBER
Testing  OpuReg6TddGwqit1kRAKKPElzoZMd4xi jmor1y8nyjrpaQccGFqTeqkKaQVMvGwl
Testing  oeMRhBvQXiF2zDpCuuWiOQe45CbJwkvO hlWbcCgAHrDzfluVZUhDOHNML89FXFDR
Testing  XGjVfalQeheC8K8AvUr5qqwFMrqvvraa It59pFsibUF9xyXFgirj6lioKwgayseX
Testing  4nn9KYYWwYB6yNtNPSTnaQNX3u2gJzCu C8vko9m27dyXVp2VPHiYStmW1IAsMQDo
Testing  bopru6gOuA7DkIvB9jq0zERTDUBPdBN1 dmTEfPHNYzRPuf5c2hPlP1dRw0Q8evzo
Testing  FgZmrnQktbsKS26CpCr1YcRPuKwrQZDh isiYBMks3gpyBH3HR7jX0lexpOllRA9p
Testing  ejUypRmpT2N4vTfySo8yh3FotlTcNgb7 62YJJZRKtTmvqCkLCwiHcaeIeqGPLWef
Testing  rITsr1wbxEpIuBXQxbrhAMKsaKDodCs2 btIFwYsxRbZ5sQkEfXDMXPjhdpvplG32
Testing  mnPKgvc5GlDSyCsFpiXgiLP7GjkJy1m2 113JazmzqoRfRrT7BTHNPnXvpoFYc5Gy
Testing  fLkz7LnQyQaa6WP83VDY2pFDE5F9CVJF aXkc7Nhg08eu9SjhLMwuNYdoVUzsvMaN
Testing  dFUEXNWSVNgT7sdP7AjRTux3xJkAnVg5 2ZYR6zjFkWB4ECU0AEXAtXEoYKDii5Df
Testing  bKS7nhSJaxtPMkAEGbhCE9nxDHqapTm8 6Mh55Mc5EOsHo5XWqRXNef2LATkcQsZF
Testing  45ndrviKgGrZ589DbZpeSXNpWlSjnxdL pejYrZ3Rl1dJpJBDgqGjTdWjIJZ8fSM2
Testing  qmkt8eX6aCNwccL7ukO6zxoN993x55eB Fn4qHtvZVITiarvlkLvF0d52hE3qwOSW
Testing  WeTyJY3751nVfk1S4yEPbTVDUWpHhEdn nQokFPTuRh9adVbCVlRPrhUBfliKcmyL
Testing queries on emulator-5556
Querying (emulator-5556) 9yvfdF6HPn7AybpSj8sJVI6Nolhi073W
Querying (emulator-5556) 2ZH3pJ1QkQVI9uypNR3qzgsSuP9UY5ck
Querying (emulator-5556) 8MgZcn1yamqY7y740hY1pxVMntbisL70
Querying (emulator-5556) YPIfr4ga0hKR7MJ7ltxe5kQxYv9N2ciQ
Querying (emulator-5556) 9mCfDy0xKD2ur3pXc29HDFYfuFnzSMTe
Querying (emulator-5556) aU292u6kS7OoHOoH6zyOjC7Y15cIcEPE
Querying (emulator-5556) 4XUVPNDFZ8TwAd5xRBLPD6SYQYm7tjVZ
Querying (emulator-5556) aNZ6rVStKLuVVwV4BHmtOkbyhOMZImpt
Querying (emulator-5556) 0YZZTr2usjEDggDFd8bUo77aZGHbmu2e
Querying (emulator-5556) YjuNqmZKMiQVy3skkFupDw60s5RLNcj0
Querying (emulator-5556) OpuReg6TddGwqit1kRAKKPElzoZMd4xi
Querying (emulator-5556) oeMRhBvQXiF2zDpCuuWiOQe45CbJwkvO
Querying (emulator-5556) XGjVfalQeheC8K8AvUr5qqwFMrqvvraa
Querying (emulator-5556) 4nn9KYYWwYB6yNtNPSTnaQNX3u2gJzCu
Querying (emulator-5556) bopru6gOuA7DkIvB9jq0zERTDUBPdBN1
Querying (emulator-5556) FgZmrnQktbsKS26CpCr1YcRPuKwrQZDh
Querying (emulator-5556) ejUypRmpT2N4vTfySo8yh3FotlTcNgb7
Querying (emulator-5556) rITsr1wbxEpIuBXQxbrhAMKsaKDodCs2
Querying (emulator-5556) mnPKgvc5GlDSyCsFpiXgiLP7GjkJy1m2
Querying (emulator-5556) fLkz7LnQyQaa6WP83VDY2pFDE5F9CVJF
Querying (emulator-5556) dFUEXNWSVNgT7sdP7AjRTux3xJkAnVg5
Querying (emulator-5556) bKS7nhSJaxtPMkAEGbhCE9nxDHqapTm8
Querying (emulator-5556) 45ndrviKgGrZ589DbZpeSXNpWlSjnxdL
Querying (emulator-5556) qmkt8eX6aCNwccL7ukO6zxoN993x55eB
Querying (emulator-5556) WeTyJY3751nVfk1S4yEPbTVDUWpHhEdn
Testing  9yvfdF6HPn7AybpSj8sJVI6Nolhi073W mxrGSEF6dlsRTD59NK7XageJaigk9gta
Testing  2ZH3pJ1QkQVI9uypNR3qzgsSuP9UY5ck hLNYlXlCGVYaFifbIpinalxuUZNBHBFh
Testing  8MgZcn1yamqY7y740hY1pxVMntbisL70 dx9JI0DXq7xSoi716z49013vxnTBSSSo
Testing  YPIfr4ga0hKR7MJ7ltxe5kQxYv9N2ciQ xJj9g0hopMftzuEVfBZ4rYEPORisdeo9
Testing  9mCfDy0xKD2ur3pXc29HDFYfuFnzSMTe Tb8BmFG6gOuDvBHHci2vhCrVdBtuqEQB
Testing  aU292u6kS7OoHOoH6zyOjC7Y15cIcEPE qLchSVl3NxzrEb9RY1TpBNjtcAMR03bk
Testing  4XUVPNDFZ8TwAd5xRBLPD6SYQYm7tjVZ 90cwxaQe6MYglBQ3XuhiAliCkmR5s4fG
Testing  aNZ6rVStKLuVVwV4BHmtOkbyhOMZImpt deTqhg4RGLOmVe2Pg6sudtPyt7cxgoYP
Testing  0YZZTr2usjEDggDFd8bUo77aZGHbmu2e l6es6aONmgMFwVwk5I3VvszOUlNuAppT
Testing  YjuNqmZKMiQVy3skkFupDw60s5RLNcj0 7pAwibywgFElr6xYDfpbLBbSOoQ7PBER
Testing  OpuReg6TddGwqit1kRAKKPElzoZMd4xi jmor1y8nyjrpaQccGFqTeqkKaQVMvGwl
Testing  oeMRhBvQXiF2zDpCuuWiOQe45CbJwkvO hlWbcCgAHrDzfluVZUhDOHNML89FXFDR
Testing  XGjVfalQeheC8K8AvUr5qqwFMrqvvraa It59pFsibUF9xyXFgirj6lioKwgayseX
Testing  4nn9KYYWwYB6yNtNPSTnaQNX3u2gJzCu C8vko9m27dyXVp2VPHiYStmW1IAsMQDo
Testing  bopru6gOuA7DkIvB9jq0zERTDUBPdBN1 dmTEfPHNYzRPuf5c2hPlP1dRw0Q8evzo
Testing  FgZmrnQktbsKS26CpCr1YcRPuKwrQZDh isiYBMks3gpyBH3HR7jX0lexpOllRA9p
Testing  ejUypRmpT2N4vTfySo8yh3FotlTcNgb7 62YJJZRKtTmvqCkLCwiHcaeIeqGPLWef
Testing  rITsr1wbxEpIuBXQxbrhAMKsaKDodCs2 btIFwYsxRbZ5sQkEfXDMXPjhdpvplG32
Testing  mnPKgvc5GlDSyCsFpiXgiLP7GjkJy1m2 113JazmzqoRfRrT7BTHNPnXvpoFYc5Gy
Testing  fLkz7LnQyQaa6WP83VDY2pFDE5F9CVJF aXkc7Nhg08eu9SjhLMwuNYdoVUzsvMaN
Testing  dFUEXNWSVNgT7sdP7AjRTux3xJkAnVg5 2ZYR6zjFkWB4ECU0AEXAtXEoYKDii5Df
Testing  bKS7nhSJaxtPMkAEGbhCE9nxDHqapTm8 6Mh55Mc5EOsHo5XWqRXNef2LATkcQsZF
Testing  45ndrviKgGrZ589DbZpeSXNpWlSjnxdL pejYrZ3Rl1dJpJBDgqGjTdWjIJZ8fSM2
Testing  qmkt8eX6aCNwccL7ukO6zxoN993x55eB Fn4qHtvZVITiarvlkLvF0d52hE3qwOSW
Testing  WeTyJY3751nVfk1S4yEPbTVDUWpHhEdn nQokFPTuRh9adVbCVlRPrhUBfliKcmyL
Testing '*' query on emulator-5556
Querying (emulator-5556) "*"
Testing  9yvfdF6HPn7AybpSj8sJVI6Nolhi073W mxrGSEF6dlsRTD59NK7XageJaigk9gta
Testing  2ZH3pJ1QkQVI9uypNR3qzgsSuP9UY5ck hLNYlXlCGVYaFifbIpinalxuUZNBHBFh
Testing  8MgZcn1yamqY7y740hY1pxVMntbisL70 dx9JI0DXq7xSoi716z49013vxnTBSSSo
Testing  YPIfr4ga0hKR7MJ7ltxe5kQxYv9N2ciQ xJj9g0hopMftzuEVfBZ4rYEPORisdeo9
Testing  9mCfDy0xKD2ur3pXc29HDFYfuFnzSMTe Tb8BmFG6gOuDvBHHci2vhCrVdBtuqEQB
Testing  aU292u6kS7OoHOoH6zyOjC7Y15cIcEPE qLchSVl3NxzrEb9RY1TpBNjtcAMR03bk
Testing  4XUVPNDFZ8TwAd5xRBLPD6SYQYm7tjVZ 90cwxaQe6MYglBQ3XuhiAliCkmR5s4fG
Testing  aNZ6rVStKLuVVwV4BHmtOkbyhOMZImpt deTqhg4RGLOmVe2Pg6sudtPyt7cxgoYP
Testing  0YZZTr2usjEDggDFd8bUo77aZGHbmu2e l6es6aONmgMFwVwk5I3VvszOUlNuAppT
Testing  YjuNqmZKMiQVy3skkFupDw60s5RLNcj0 7pAwibywgFElr6xYDfpbLBbSOoQ7PBER
Testing  OpuReg6TddGwqit1kRAKKPElzoZMd4xi jmor1y8nyjrpaQccGFqTeqkKaQVMvGwl
Testing  oeMRhBvQXiF2zDpCuuWiOQe45CbJwkvO hlWbcCgAHrDzfluVZUhDOHNML89FXFDR
Testing  XGjVfalQeheC8K8AvUr5qqwFMrqvvraa It59pFsibUF9xyXFgirj6lioKwgayseX
Testing  4nn9KYYWwYB6yNtNPSTnaQNX3u2gJzCu C8vko9m27dyXVp2VPHiYStmW1IAsMQDo
Testing  bopru6gOuA7DkIvB9jq0zERTDUBPdBN1 dmTEfPHNYzRPuf5c2hPlP1dRw0Q8evzo
Testing  FgZmrnQktbsKS26CpCr1YcRPuKwrQZDh isiYBMks3gpyBH3HR7jX0lexpOllRA9p
Testing  ejUypRmpT2N4vTfySo8yh3FotlTcNgb7 62YJJZRKtTmvqCkLCwiHcaeIeqGPLWef
Testing  rITsr1wbxEpIuBXQxbrhAMKsaKDodCs2 btIFwYsxRbZ5sQkEfXDMXPjhdpvplG32
Testing  mnPKgvc5GlDSyCsFpiXgiLP7GjkJy1m2 113JazmzqoRfRrT7BTHNPnXvpoFYc5Gy
Testing  fLkz7LnQyQaa6WP83VDY2pFDE5F9CVJF aXkc7Nhg08eu9SjhLMwuNYdoVUzsvMaN
Testing  dFUEXNWSVNgT7sdP7AjRTux3xJkAnVg5 2ZYR6zjFkWB4ECU0AEXAtXEoYKDii5Df
Testing  bKS7nhSJaxtPMkAEGbhCE9nxDHqapTm8 6Mh55Mc5EOsHo5XWqRXNef2LATkcQsZF
Testing  45ndrviKgGrZ589DbZpeSXNpWlSjnxdL pejYrZ3Rl1dJpJBDgqGjTdWjIJZ8fSM2
Testing  qmkt8eX6aCNwccL7ukO6zxoN993x55eB Fn4qHtvZVITiarvlkLvF0d52hE3qwOSW
Testing  WeTyJY3751nVfk1S4yEPbTVDUWpHhEdn nQokFPTuRh9adVbCVlRPrhUBfliKcmyL
Testing queries on emulator-5558
Querying (emulator-5558) 9yvfdF6HPn7AybpSj8sJVI6Nolhi073W
Querying (emulator-5558) 2ZH3pJ1QkQVI9uypNR3qzgsSuP9UY5ck
Querying (emulator-5558) 8MgZcn1yamqY7y740hY1pxVMntbisL70
Querying (emulator-5558) YPIfr4ga0hKR7MJ7ltxe5kQxYv9N2ciQ
Querying (emulator-5558) 9mCfDy0xKD2ur3pXc29HDFYfuFnzSMTe
Querying (emulator-5558) aU292u6kS7OoHOoH6zyOjC7Y15cIcEPE
Querying (emulator-5558) 4XUVPNDFZ8TwAd5xRBLPD6SYQYm7tjVZ
Querying (emulator-5558) aNZ6rVStKLuVVwV4BHmtOkbyhOMZImpt
Querying (emulator-5558) 0YZZTr2usjEDggDFd8bUo77aZGHbmu2e
Querying (emulator-5558) YjuNqmZKMiQVy3skkFupDw60s5RLNcj0
Querying (emulator-5558) OpuReg6TddGwqit1kRAKKPElzoZMd4xi
Querying (emulator-5558) oeMRhBvQXiF2zDpCuuWiOQe45CbJwkvO
Querying (emulator-5558) XGjVfalQeheC8K8AvUr5qqwFMrqvvraa
Querying (emulator-5558) 4nn9KYYWwYB6yNtNPSTnaQNX3u2gJzCu
Querying (emulator-5558) bopru6gOuA7DkIvB9jq0zERTDUBPdBN1
Querying (emulator-5558) FgZmrnQktbsKS26CpCr1YcRPuKwrQZDh
Querying (emulator-5558) ejUypRmpT2N4vTfySo8yh3FotlTcNgb7
Querying (emulator-5558) rITsr1wbxEpIuBXQxbrhAMKsaKDodCs2
Querying (emulator-5558) mnPKgvc5GlDSyCsFpiXgiLP7GjkJy1m2
Querying (emulator-5558) fLkz7LnQyQaa6WP83VDY2pFDE5F9CVJF
Querying (emulator-5558) dFUEXNWSVNgT7sdP7AjRTux3xJkAnVg5
Querying (emulator-5558) bKS7nhSJaxtPMkAEGbhCE9nxDHqapTm8
Querying (emulator-5558) 45ndrviKgGrZ589DbZpeSXNpWlSjnxdL
Querying (emulator-5558) qmkt8eX6aCNwccL7ukO6zxoN993x55eB
Querying (emulator-5558) WeTyJY3751nVfk1S4yEPbTVDUWpHhEdn
Testing  9yvfdF6HPn7AybpSj8sJVI6Nolhi073W mxrGSEF6dlsRTD59NK7XageJaigk9gta
Testing  2ZH3pJ1QkQVI9uypNR3qzgsSuP9UY5ck hLNYlXlCGVYaFifbIpinalxuUZNBHBFh
Testing  8MgZcn1yamqY7y740hY1pxVMntbisL70 dx9JI0DXq7xSoi716z49013vxnTBSSSo
Testing  YPIfr4ga0hKR7MJ7ltxe5kQxYv9N2ciQ xJj9g0hopMftzuEVfBZ4rYEPORisdeo9
Testing  9mCfDy0xKD2ur3pXc29HDFYfuFnzSMTe Tb8BmFG6gOuDvBHHci2vhCrVdBtuqEQB
Testing  aU292u6kS7OoHOoH6zyOjC7Y15cIcEPE qLchSVl3NxzrEb9RY1TpBNjtcAMR03bk
Testing  4XUVPNDFZ8TwAd5xRBLPD6SYQYm7tjVZ 90cwxaQe6MYglBQ3XuhiAliCkmR5s4fG
Testing  aNZ6rVStKLuVVwV4BHmtOkbyhOMZImpt deTqhg4RGLOmVe2Pg6sudtPyt7cxgoYP
Testing  0YZZTr2usjEDggDFd8bUo77aZGHbmu2e l6es6aONmgMFwVwk5I3VvszOUlNuAppT
Testing  YjuNqmZKMiQVy3skkFupDw60s5RLNcj0 7pAwibywgFElr6xYDfpbLBbSOoQ7PBER
Testing  OpuReg6TddGwqit1kRAKKPElzoZMd4xi jmor1y8nyjrpaQccGFqTeqkKaQVMvGwl
Testing  oeMRhBvQXiF2zDpCuuWiOQe45CbJwkvO hlWbcCgAHrDzfluVZUhDOHNML89FXFDR
Testing  XGjVfalQeheC8K8AvUr5qqwFMrqvvraa It59pFsibUF9xyXFgirj6lioKwgayseX
Testing  4nn9KYYWwYB6yNtNPSTnaQNX3u2gJzCu C8vko9m27dyXVp2VPHiYStmW1IAsMQDo
Testing  bopru6gOuA7DkIvB9jq0zERTDUBPdBN1 dmTEfPHNYzRPuf5c2hPlP1dRw0Q8evzo
Testing  FgZmrnQktbsKS26CpCr1YcRPuKwrQZDh isiYBMks3gpyBH3HR7jX0lexpOllRA9p
Testing  ejUypRmpT2N4vTfySo8yh3FotlTcNgb7 62YJJZRKtTmvqCkLCwiHcaeIeqGPLWef
Testing  rITsr1wbxEpIuBXQxbrhAMKsaKDodCs2 btIFwYsxRbZ5sQkEfXDMXPjhdpvplG32
Testing  mnPKgvc5GlDSyCsFpiXgiLP7GjkJy1m2 113JazmzqoRfRrT7BTHNPnXvpoFYc5Gy
Testing  fLkz7LnQyQaa6WP83VDY2pFDE5F9CVJF aXkc7Nhg08eu9SjhLMwuNYdoVUzsvMaN
Testing  dFUEXNWSVNgT7sdP7AjRTux3xJkAnVg5 2ZYR6zjFkWB4ECU0AEXAtXEoYKDii5Df
Testing  bKS7nhSJaxtPMkAEGbhCE9nxDHqapTm8 6Mh55Mc5EOsHo5XWqRXNef2LATkcQsZF
Testing  45ndrviKgGrZ589DbZpeSXNpWlSjnxdL pejYrZ3Rl1dJpJBDgqGjTdWjIJZ8fSM2
Testing  qmkt8eX6aCNwccL7ukO6zxoN993x55eB Fn4qHtvZVITiarvlkLvF0d52hE3qwOSW
Testing  WeTyJY3751nVfk1S4yEPbTVDUWpHhEdn nQokFPTuRh9adVbCVlRPrhUBfliKcmyL
Testing '*' query on emulator-5558
Querying (emulator-5558) "*"
Testing  9yvfdF6HPn7AybpSj8sJVI6Nolhi073W mxrGSEF6dlsRTD59NK7XageJaigk9gta
Testing  2ZH3pJ1QkQVI9uypNR3qzgsSuP9UY5ck hLNYlXlCGVYaFifbIpinalxuUZNBHBFh
Testing  8MgZcn1yamqY7y740hY1pxVMntbisL70 dx9JI0DXq7xSoi716z49013vxnTBSSSo
Testing  YPIfr4ga0hKR7MJ7ltxe5kQxYv9N2ciQ xJj9g0hopMftzuEVfBZ4rYEPORisdeo9
Testing  9mCfDy0xKD2ur3pXc29HDFYfuFnzSMTe Tb8BmFG6gOuDvBHHci2vhCrVdBtuqEQB
Testing  aU292u6kS7OoHOoH6zyOjC7Y15cIcEPE qLchSVl3NxzrEb9RY1TpBNjtcAMR03bk
Testing  4XUVPNDFZ8TwAd5xRBLPD6SYQYm7tjVZ 90cwxaQe6MYglBQ3XuhiAliCkmR5s4fG
Testing  aNZ6rVStKLuVVwV4BHmtOkbyhOMZImpt deTqhg4RGLOmVe2Pg6sudtPyt7cxgoYP
Testing  0YZZTr2usjEDggDFd8bUo77aZGHbmu2e l6es6aONmgMFwVwk5I3VvszOUlNuAppT
Testing  YjuNqmZKMiQVy3skkFupDw60s5RLNcj0 7pAwibywgFElr6xYDfpbLBbSOoQ7PBER
Testing  OpuReg6TddGwqit1kRAKKPElzoZMd4xi jmor1y8nyjrpaQccGFqTeqkKaQVMvGwl
Testing  oeMRhBvQXiF2zDpCuuWiOQe45CbJwkvO hlWbcCgAHrDzfluVZUhDOHNML89FXFDR
Testing  XGjVfalQeheC8K8AvUr5qqwFMrqvvraa It59pFsibUF9xyXFgirj6lioKwgayseX
Testing  4nn9KYYWwYB6yNtNPSTnaQNX3u2gJzCu C8vko9m27dyXVp2VPHiYStmW1IAsMQDo
Testing  bopru6gOuA7DkIvB9jq0zERTDUBPdBN1 dmTEfPHNYzRPuf5c2hPlP1dRw0Q8evzo
Testing  FgZmrnQktbsKS26CpCr1YcRPuKwrQZDh isiYBMks3gpyBH3HR7jX0lexpOllRA9p
Testing  ejUypRmpT2N4vTfySo8yh3FotlTcNgb7 62YJJZRKtTmvqCkLCwiHcaeIeqGPLWef
Testing  rITsr1wbxEpIuBXQxbrhAMKsaKDodCs2 btIFwYsxRbZ5sQkEfXDMXPjhdpvplG32
Testing  mnPKgvc5GlDSyCsFpiXgiLP7GjkJy1m2 113JazmzqoRfRrT7BTHNPnXvpoFYc5Gy
Testing  fLkz7LnQyQaa6WP83VDY2pFDE5F9CVJF aXkc7Nhg08eu9SjhLMwuNYdoVUzsvMaN
Testing  dFUEXNWSVNgT7sdP7AjRTux3xJkAnVg5 2ZYR6zjFkWB4ECU0AEXAtXEoYKDii5Df
Testing  bKS7nhSJaxtPMkAEGbhCE9nxDHqapTm8 6Mh55Mc5EOsHo5XWqRXNef2LATkcQsZF
Testing  45ndrviKgGrZ589DbZpeSXNpWlSjnxdL pejYrZ3Rl1dJpJBDgqGjTdWjIJZ8fSM2
Testing  qmkt8eX6aCNwccL7ukO6zxoN993x55eB Fn4qHtvZVITiarvlkLvF0d52hE3qwOSW
Testing  WeTyJY3751nVfk1S4yEPbTVDUWpHhEdn nQokFPTuRh9adVbCVlRPrhUBfliKcmyL
Testing queries on emulator-5560
Querying (emulator-5560) 9yvfdF6HPn7AybpSj8sJVI6Nolhi073W
Querying (emulator-5560) 2ZH3pJ1QkQVI9uypNR3qzgsSuP9UY5ck
Querying (emulator-5560) 8MgZcn1yamqY7y740hY1pxVMntbisL70
Querying (emulator-5560) YPIfr4ga0hKR7MJ7ltxe5kQxYv9N2ciQ
Querying (emulator-5560) 9mCfDy0xKD2ur3pXc29HDFYfuFnzSMTe
Querying (emulator-5560) aU292u6kS7OoHOoH6zyOjC7Y15cIcEPE
Querying (emulator-5560) 4XUVPNDFZ8TwAd5xRBLPD6SYQYm7tjVZ
Querying (emulator-5560) aNZ6rVStKLuVVwV4BHmtOkbyhOMZImpt
Querying (emulator-5560) 0YZZTr2usjEDggDFd8bUo77aZGHbmu2e
Querying (emulator-5560) YjuNqmZKMiQVy3skkFupDw60s5RLNcj0
Querying (emulator-5560) OpuReg6TddGwqit1kRAKKPElzoZMd4xi
Querying (emulator-5560) oeMRhBvQXiF2zDpCuuWiOQe45CbJwkvO
Querying (emulator-5560) XGjVfalQeheC8K8AvUr5qqwFMrqvvraa
Querying (emulator-5560) 4nn9KYYWwYB6yNtNPSTnaQNX3u2gJzCu
Querying (emulator-5560) bopru6gOuA7DkIvB9jq0zERTDUBPdBN1
Querying (emulator-5560) FgZmrnQktbsKS26CpCr1YcRPuKwrQZDh
Querying (emulator-5560) ejUypRmpT2N4vTfySo8yh3FotlTcNgb7
Querying (emulator-5560) rITsr1wbxEpIuBXQxbrhAMKsaKDodCs2
Querying (emulator-5560) mnPKgvc5GlDSyCsFpiXgiLP7GjkJy1m2
Querying (emulator-5560) fLkz7LnQyQaa6WP83VDY2pFDE5F9CVJF
Querying (emulator-5560) dFUEXNWSVNgT7sdP7AjRTux3xJkAnVg5
Querying (emulator-5560) bKS7nhSJaxtPMkAEGbhCE9nxDHqapTm8
Querying (emulator-5560) 45ndrviKgGrZ589DbZpeSXNpWlSjnxdL
Querying (emulator-5560) qmkt8eX6aCNwccL7ukO6zxoN993x55eB
Querying (emulator-5560) WeTyJY3751nVfk1S4yEPbTVDUWpHhEdn
Testing  9yvfdF6HPn7AybpSj8sJVI6Nolhi073W mxrGSEF6dlsRTD59NK7XageJaigk9gta
Testing  2ZH3pJ1QkQVI9uypNR3qzgsSuP9UY5ck hLNYlXlCGVYaFifbIpinalxuUZNBHBFh
Testing  8MgZcn1yamqY7y740hY1pxVMntbisL70 dx9JI0DXq7xSoi716z49013vxnTBSSSo
Testing  YPIfr4ga0hKR7MJ7ltxe5kQxYv9N2ciQ xJj9g0hopMftzuEVfBZ4rYEPORisdeo9
Testing  9mCfDy0xKD2ur3pXc29HDFYfuFnzSMTe Tb8BmFG6gOuDvBHHci2vhCrVdBtuqEQB
Testing  aU292u6kS7OoHOoH6zyOjC7Y15cIcEPE qLchSVl3NxzrEb9RY1TpBNjtcAMR03bk
Testing  4XUVPNDFZ8TwAd5xRBLPD6SYQYm7tjVZ 90cwxaQe6MYglBQ3XuhiAliCkmR5s4fG
Testing  aNZ6rVStKLuVVwV4BHmtOkbyhOMZImpt deTqhg4RGLOmVe2Pg6sudtPyt7cxgoYP
Testing  0YZZTr2usjEDggDFd8bUo77aZGHbmu2e l6es6aONmgMFwVwk5I3VvszOUlNuAppT
Testing  YjuNqmZKMiQVy3skkFupDw60s5RLNcj0 7pAwibywgFElr6xYDfpbLBbSOoQ7PBER
Testing  OpuReg6TddGwqit1kRAKKPElzoZMd4xi jmor1y8nyjrpaQccGFqTeqkKaQVMvGwl
Testing  oeMRhBvQXiF2zDpCuuWiOQe45CbJwkvO hlWbcCgAHrDzfluVZUhDOHNML89FXFDR
Testing  XGjVfalQeheC8K8AvUr5qqwFMrqvvraa It59pFsibUF9xyXFgirj6lioKwgayseX
Testing  4nn9KYYWwYB6yNtNPSTnaQNX3u2gJzCu C8vko9m27dyXVp2VPHiYStmW1IAsMQDo
Testing  bopru6gOuA7DkIvB9jq0zERTDUBPdBN1 dmTEfPHNYzRPuf5c2hPlP1dRw0Q8evzo
Testing  FgZmrnQktbsKS26CpCr1YcRPuKwrQZDh isiYBMks3gpyBH3HR7jX0lexpOllRA9p
Testing  ejUypRmpT2N4vTfySo8yh3FotlTcNgb7 62YJJZRKtTmvqCkLCwiHcaeIeqGPLWef
Testing  rITsr1wbxEpIuBXQxbrhAMKsaKDodCs2 btIFwYsxRbZ5sQkEfXDMXPjhdpvplG32
Testing  mnPKgvc5GlDSyCsFpiXgiLP7GjkJy1m2 113JazmzqoRfRrT7BTHNPnXvpoFYc5Gy
Testing  fLkz7LnQyQaa6WP83VDY2pFDE5F9CVJF aXkc7Nhg08eu9SjhLMwuNYdoVUzsvMaN
Testing  dFUEXNWSVNgT7sdP7AjRTux3xJkAnVg5 2ZYR6zjFkWB4ECU0AEXAtXEoYKDii5Df
Testing  bKS7nhSJaxtPMkAEGbhCE9nxDHqapTm8 6Mh55Mc5EOsHo5XWqRXNef2LATkcQsZF
Testing  45ndrviKgGrZ589DbZpeSXNpWlSjnxdL pejYrZ3Rl1dJpJBDgqGjTdWjIJZ8fSM2
Testing  qmkt8eX6aCNwccL7ukO6zxoN993x55eB Fn4qHtvZVITiarvlkLvF0d52hE3qwOSW
Testing  WeTyJY3751nVfk1S4yEPbTVDUWpHhEdn nQokFPTuRh9adVbCVlRPrhUBfliKcmyL
Testing '*' query on emulator-5560
Querying (emulator-5560) "*"
Testing  9yvfdF6HPn7AybpSj8sJVI6Nolhi073W mxrGSEF6dlsRTD59NK7XageJaigk9gta
Testing  2ZH3pJ1QkQVI9uypNR3qzgsSuP9UY5ck hLNYlXlCGVYaFifbIpinalxuUZNBHBFh
Testing  8MgZcn1yamqY7y740hY1pxVMntbisL70 dx9JI0DXq7xSoi716z49013vxnTBSSSo
Testing  YPIfr4ga0hKR7MJ7ltxe5kQxYv9N2ciQ xJj9g0hopMftzuEVfBZ4rYEPORisdeo9
Testing  9mCfDy0xKD2ur3pXc29HDFYfuFnzSMTe Tb8BmFG6gOuDvBHHci2vhCrVdBtuqEQB
Testing  aU292u6kS7OoHOoH6zyOjC7Y15cIcEPE qLchSVl3NxzrEb9RY1TpBNjtcAMR03bk
Testing  4XUVPNDFZ8TwAd5xRBLPD6SYQYm7tjVZ 90cwxaQe6MYglBQ3XuhiAliCkmR5s4fG
Testing  aNZ6rVStKLuVVwV4BHmtOkbyhOMZImpt deTqhg4RGLOmVe2Pg6sudtPyt7cxgoYP
Testing  0YZZTr2usjEDggDFd8bUo77aZGHbmu2e l6es6aONmgMFwVwk5I3VvszOUlNuAppT
Testing  YjuNqmZKMiQVy3skkFupDw60s5RLNcj0 7pAwibywgFElr6xYDfpbLBbSOoQ7PBER
Testing  OpuReg6TddGwqit1kRAKKPElzoZMd4xi jmor1y8nyjrpaQccGFqTeqkKaQVMvGwl
Testing  oeMRhBvQXiF2zDpCuuWiOQe45CbJwkvO hlWbcCgAHrDzfluVZUhDOHNML89FXFDR
Testing  XGjVfalQeheC8K8AvUr5qqwFMrqvvraa It59pFsibUF9xyXFgirj6lioKwgayseX
Testing  4nn9KYYWwYB6yNtNPSTnaQNX3u2gJzCu C8vko9m27dyXVp2VPHiYStmW1IAsMQDo
Testing  bopru6gOuA7DkIvB9jq0zERTDUBPdBN1 dmTEfPHNYzRPuf5c2hPlP1dRw0Q8evzo
Testing  FgZmrnQktbsKS26CpCr1YcRPuKwrQZDh isiYBMks3gpyBH3HR7jX0lexpOllRA9p
Testing  ejUypRmpT2N4vTfySo8yh3FotlTcNgb7 62YJJZRKtTmvqCkLCwiHcaeIeqGPLWef
Testing  rITsr1wbxEpIuBXQxbrhAMKsaKDodCs2 btIFwYsxRbZ5sQkEfXDMXPjhdpvplG32
Testing  mnPKgvc5GlDSyCsFpiXgiLP7GjkJy1m2 113JazmzqoRfRrT7BTHNPnXvpoFYc5Gy
Testing  fLkz7LnQyQaa6WP83VDY2pFDE5F9CVJF aXkc7Nhg08eu9SjhLMwuNYdoVUzsvMaN
Testing  dFUEXNWSVNgT7sdP7AjRTux3xJkAnVg5 2ZYR6zjFkWB4ECU0AEXAtXEoYKDii5Df
Testing  bKS7nhSJaxtPMkAEGbhCE9nxDHqapTm8 6Mh55Mc5EOsHo5XWqRXNef2LATkcQsZF
Testing  45ndrviKgGrZ589DbZpeSXNpWlSjnxdL pejYrZ3Rl1dJpJBDgqGjTdWjIJZ8fSM2
Testing  qmkt8eX6aCNwccL7ukO6zxoN993x55eB Fn4qHtvZVITiarvlkLvF0d52hE3qwOSW
Testing  WeTyJY3751nVfk1S4yEPbTVDUWpHhEdn nQokFPTuRh9adVbCVlRPrhUBfliKcmyL
Testing queries on emulator-5562
Querying (emulator-5562) 9yvfdF6HPn7AybpSj8sJVI6Nolhi073W
Querying (emulator-5562) 2ZH3pJ1QkQVI9uypNR3qzgsSuP9UY5ck
Querying (emulator-5562) 8MgZcn1yamqY7y740hY1pxVMntbisL70
Querying (emulator-5562) YPIfr4ga0hKR7MJ7ltxe5kQxYv9N2ciQ
Querying (emulator-5562) 9mCfDy0xKD2ur3pXc29HDFYfuFnzSMTe
Querying (emulator-5562) aU292u6kS7OoHOoH6zyOjC7Y15cIcEPE
Querying (emulator-5562) 4XUVPNDFZ8TwAd5xRBLPD6SYQYm7tjVZ
Querying (emulator-5562) aNZ6rVStKLuVVwV4BHmtOkbyhOMZImpt
Querying (emulator-5562) 0YZZTr2usjEDggDFd8bUo77aZGHbmu2e
Querying (emulator-5562) YjuNqmZKMiQVy3skkFupDw60s5RLNcj0
Querying (emulator-5562) OpuReg6TddGwqit1kRAKKPElzoZMd4xi
Querying (emulator-5562) oeMRhBvQXiF2zDpCuuWiOQe45CbJwkvO
Querying (emulator-5562) XGjVfalQeheC8K8AvUr5qqwFMrqvvraa
Querying (emulator-5562) 4nn9KYYWwYB6yNtNPSTnaQNX3u2gJzCu
Querying (emulator-5562) bopru6gOuA7DkIvB9jq0zERTDUBPdBN1
Querying (emulator-5562) FgZmrnQktbsKS26CpCr1YcRPuKwrQZDh
Querying (emulator-5562) ejUypRmpT2N4vTfySo8yh3FotlTcNgb7
Querying (emulator-5562) rITsr1wbxEpIuBXQxbrhAMKsaKDodCs2
Querying (emulator-5562) mnPKgvc5GlDSyCsFpiXgiLP7GjkJy1m2
Querying (emulator-5562) fLkz7LnQyQaa6WP83VDY2pFDE5F9CVJF
Querying (emulator-5562) dFUEXNWSVNgT7sdP7AjRTux3xJkAnVg5
Querying (emulator-5562) bKS7nhSJaxtPMkAEGbhCE9nxDHqapTm8
Querying (emulator-5562) 45ndrviKgGrZ589DbZpeSXNpWlSjnxdL
Querying (emulator-5562) qmkt8eX6aCNwccL7ukO6zxoN993x55eB
Querying (emulator-5562) WeTyJY3751nVfk1S4yEPbTVDUWpHhEdn
Testing  9yvfdF6HPn7AybpSj8sJVI6Nolhi073W mxrGSEF6dlsRTD59NK7XageJaigk9gta
Testing  2ZH3pJ1QkQVI9uypNR3qzgsSuP9UY5ck hLNYlXlCGVYaFifbIpinalxuUZNBHBFh
Testing  8MgZcn1yamqY7y740hY1pxVMntbisL70 dx9JI0DXq7xSoi716z49013vxnTBSSSo
Testing  YPIfr4ga0hKR7MJ7ltxe5kQxYv9N2ciQ xJj9g0hopMftzuEVfBZ4rYEPORisdeo9
Testing  9mCfDy0xKD2ur3pXc29HDFYfuFnzSMTe Tb8BmFG6gOuDvBHHci2vhCrVdBtuqEQB
Testing  aU292u6kS7OoHOoH6zyOjC7Y15cIcEPE qLchSVl3NxzrEb9RY1TpBNjtcAMR03bk
Testing  4XUVPNDFZ8TwAd5xRBLPD6SYQYm7tjVZ 90cwxaQe6MYglBQ3XuhiAliCkmR5s4fG
Testing  aNZ6rVStKLuVVwV4BHmtOkbyhOMZImpt deTqhg4RGLOmVe2Pg6sudtPyt7cxgoYP
Testing  0YZZTr2usjEDggDFd8bUo77aZGHbmu2e l6es6aONmgMFwVwk5I3VvszOUlNuAppT
Testing  YjuNqmZKMiQVy3skkFupDw60s5RLNcj0 7pAwibywgFElr6xYDfpbLBbSOoQ7PBER
Testing  OpuReg6TddGwqit1kRAKKPElzoZMd4xi jmor1y8nyjrpaQccGFqTeqkKaQVMvGwl
Testing  oeMRhBvQXiF2zDpCuuWiOQe45CbJwkvO hlWbcCgAHrDzfluVZUhDOHNML89FXFDR
Testing  XGjVfalQeheC8K8AvUr5qqwFMrqvvraa It59pFsibUF9xyXFgirj6lioKwgayseX
Testing  4nn9KYYWwYB6yNtNPSTnaQNX3u2gJzCu C8vko9m27dyXVp2VPHiYStmW1IAsMQDo
Testing  bopru6gOuA7DkIvB9jq0zERTDUBPdBN1 dmTEfPHNYzRPuf5c2hPlP1dRw0Q8evzo
Testing  FgZmrnQktbsKS26CpCr1YcRPuKwrQZDh isiYBMks3gpyBH3HR7jX0lexpOllRA9p
Testing  ejUypRmpT2N4vTfySo8yh3FotlTcNgb7 62YJJZRKtTmvqCkLCwiHcaeIeqGPLWef
Testing  rITsr1wbxEpIuBXQxbrhAMKsaKDodCs2 btIFwYsxRbZ5sQkEfXDMXPjhdpvplG32
Testing  mnPKgvc5GlDSyCsFpiXgiLP7GjkJy1m2 113JazmzqoRfRrT7BTHNPnXvpoFYc5Gy
Testing  fLkz7LnQyQaa6WP83VDY2pFDE5F9CVJF aXkc7Nhg08eu9SjhLMwuNYdoVUzsvMaN
Testing  dFUEXNWSVNgT7sdP7AjRTux3xJkAnVg5 2ZYR6zjFkWB4ECU0AEXAtXEoYKDii5Df
Testing  bKS7nhSJaxtPMkAEGbhCE9nxDHqapTm8 6Mh55Mc5EOsHo5XWqRXNef2LATkcQsZF
Testing  45ndrviKgGrZ589DbZpeSXNpWlSjnxdL pejYrZ3Rl1dJpJBDgqGjTdWjIJZ8fSM2
Testing  qmkt8eX6aCNwccL7ukO6zxoN993x55eB Fn4qHtvZVITiarvlkLvF0d52hE3qwOSW
Testing  WeTyJY3751nVfk1S4yEPbTVDUWpHhEdn nQokFPTuRh9adVbCVlRPrhUBfliKcmyL
Testing '*' query on emulator-5562
Querying (emulator-5562) "*"
Testing  9yvfdF6HPn7AybpSj8sJVI6Nolhi073W mxrGSEF6dlsRTD59NK7XageJaigk9gta
Testing  2ZH3pJ1QkQVI9uypNR3qzgsSuP9UY5ck hLNYlXlCGVYaFifbIpinalxuUZNBHBFh
Testing  8MgZcn1yamqY7y740hY1pxVMntbisL70 dx9JI0DXq7xSoi716z49013vxnTBSSSo
Testing  YPIfr4ga0hKR7MJ7ltxe5kQxYv9N2ciQ xJj9g0hopMftzuEVfBZ4rYEPORisdeo9
Testing  9mCfDy0xKD2ur3pXc29HDFYfuFnzSMTe Tb8BmFG6gOuDvBHHci2vhCrVdBtuqEQB
Testing  aU292u6kS7OoHOoH6zyOjC7Y15cIcEPE qLchSVl3NxzrEb9RY1TpBNjtcAMR03bk
Testing  4XUVPNDFZ8TwAd5xRBLPD6SYQYm7tjVZ 90cwxaQe6MYglBQ3XuhiAliCkmR5s4fG
Testing  aNZ6rVStKLuVVwV4BHmtOkbyhOMZImpt deTqhg4RGLOmVe2Pg6sudtPyt7cxgoYP
Testing  0YZZTr2usjEDggDFd8bUo77aZGHbmu2e l6es6aONmgMFwVwk5I3VvszOUlNuAppT
Testing  YjuNqmZKMiQVy3skkFupDw60s5RLNcj0 7pAwibywgFElr6xYDfpbLBbSOoQ7PBER
Testing  OpuReg6TddGwqit1kRAKKPElzoZMd4xi jmor1y8nyjrpaQccGFqTeqkKaQVMvGwl
Testing  oeMRhBvQXiF2zDpCuuWiOQe45CbJwkvO hlWbcCgAHrDzfluVZUhDOHNML89FXFDR
Testing  XGjVfalQeheC8K8AvUr5qqwFMrqvvraa It59pFsibUF9xyXFgirj6lioKwgayseX
Testing  4nn9KYYWwYB6yNtNPSTnaQNX3u2gJzCu C8vko9m27dyXVp2VPHiYStmW1IAsMQDo
Testing  bopru6gOuA7DkIvB9jq0zERTDUBPdBN1 dmTEfPHNYzRPuf5c2hPlP1dRw0Q8evzo
Testing  FgZmrnQktbsKS26CpCr1YcRPuKwrQZDh isiYBMks3gpyBH3HR7jX0lexpOllRA9p
Testing  ejUypRmpT2N4vTfySo8yh3FotlTcNgb7 62YJJZRKtTmvqCkLCwiHcaeIeqGPLWef
Testing  rITsr1wbxEpIuBXQxbrhAMKsaKDodCs2 btIFwYsxRbZ5sQkEfXDMXPjhdpvplG32
Testing  mnPKgvc5GlDSyCsFpiXgiLP7GjkJy1m2 113JazmzqoRfRrT7BTHNPnXvpoFYc5Gy
Testing  fLkz7LnQyQaa6WP83VDY2pFDE5F9CVJF aXkc7Nhg08eu9SjhLMwuNYdoVUzsvMaN
Testing  dFUEXNWSVNgT7sdP7AjRTux3xJkAnVg5 2ZYR6zjFkWB4ECU0AEXAtXEoYKDii5Df
Testing  bKS7nhSJaxtPMkAEGbhCE9nxDHqapTm8 6Mh55Mc5EOsHo5XWqRXNef2LATkcQsZF
Testing  45ndrviKgGrZ589DbZpeSXNpWlSjnxdL pejYrZ3Rl1dJpJBDgqGjTdWjIJZ8fSM2
Testing  qmkt8eX6aCNwccL7ukO6zxoN993x55eB Fn4qHtvZVITiarvlkLvF0d52hE3qwOSW
Testing  WeTyJY3751nVfk1S4yEPbTVDUWpHhEdn nQokFPTuRh9adVbCVlRPrhUBfliKcmyL
Testing delete on emulator-5554
Deleting (emulator-5554) 9yvfdF6HPn7AybpSj8sJVI6Nolhi073W
Deleting (emulator-5554) 2ZH3pJ1QkQVI9uypNR3qzgsSuP9UY5ck
Deleting (emulator-5554) 8MgZcn1yamqY7y740hY1pxVMntbisL70
Deleting (emulator-5554) YPIfr4ga0hKR7MJ7ltxe5kQxYv9N2ciQ
Deleting (emulator-5554) 9mCfDy0xKD2ur3pXc29HDFYfuFnzSMTe
Deleting (emulator-5554) aU292u6kS7OoHOoH6zyOjC7Y15cIcEPE
Deleting (emulator-5554) 4XUVPNDFZ8TwAd5xRBLPD6SYQYm7tjVZ
Deleting (emulator-5554) aNZ6rVStKLuVVwV4BHmtOkbyhOMZImpt
Deleting (emulator-5554) 0YZZTr2usjEDggDFd8bUo77aZGHbmu2e
Deleting (emulator-5554) YjuNqmZKMiQVy3skkFupDw60s5RLNcj0
Deleting (emulator-5554) OpuReg6TddGwqit1kRAKKPElzoZMd4xi
Deleting (emulator-5554) oeMRhBvQXiF2zDpCuuWiOQe45CbJwkvO
Deleting (emulator-5554) XGjVfalQeheC8K8AvUr5qqwFMrqvvraa
Deleting (emulator-5554) 4nn9KYYWwYB6yNtNPSTnaQNX3u2gJzCu
Deleting (emulator-5554) bopru6gOuA7DkIvB9jq0zERTDUBPdBN1
Deleting (emulator-5554) FgZmrnQktbsKS26CpCr1YcRPuKwrQZDh
Deleting (emulator-5554) ejUypRmpT2N4vTfySo8yh3FotlTcNgb7
Deleting (emulator-5554) rITsr1wbxEpIuBXQxbrhAMKsaKDodCs2
Deleting (emulator-5554) mnPKgvc5GlDSyCsFpiXgiLP7GjkJy1m2
Deleting (emulator-5554) fLkz7LnQyQaa6WP83VDY2pFDE5F9CVJF
Deleting (emulator-5554) dFUEXNWSVNgT7sdP7AjRTux3xJkAnVg5
Deleting (emulator-5554) bKS7nhSJaxtPMkAEGbhCE9nxDHqapTm8
Deleting (emulator-5554) 45ndrviKgGrZ589DbZpeSXNpWlSjnxdL
Deleting (emulator-5554) qmkt8eX6aCNwccL7ukO6zxoN993x55eB
Deleting (emulator-5554) WeTyJY3751nVfk1S4yEPbTVDUWpHhEdn
Testing delete on emulator-5556
Deleting (emulator-5556) 9yvfdF6HPn7AybpSj8sJVI6Nolhi073W
Deleting (emulator-5556) 2ZH3pJ1QkQVI9uypNR3qzgsSuP9UY5ck
Deleting (emulator-5556) 8MgZcn1yamqY7y740hY1pxVMntbisL70
Deleting (emulator-5556) YPIfr4ga0hKR7MJ7ltxe5kQxYv9N2ciQ
Deleting (emulator-5556) 9mCfDy0xKD2ur3pXc29HDFYfuFnzSMTe
Deleting (emulator-5556) aU292u6kS7OoHOoH6zyOjC7Y15cIcEPE
Deleting (emulator-5556) 4XUVPNDFZ8TwAd5xRBLPD6SYQYm7tjVZ
Deleting (emulator-5556) aNZ6rVStKLuVVwV4BHmtOkbyhOMZImpt
Deleting (emulator-5556) 0YZZTr2usjEDggDFd8bUo77aZGHbmu2e
Deleting (emulator-5556) YjuNqmZKMiQVy3skkFupDw60s5RLNcj0
Deleting (emulator-5556) OpuReg6TddGwqit1kRAKKPElzoZMd4xi
Deleting (emulator-5556) oeMRhBvQXiF2zDpCuuWiOQe45CbJwkvO
Deleting (emulator-5556) XGjVfalQeheC8K8AvUr5qqwFMrqvvraa
Deleting (emulator-5556) 4nn9KYYWwYB6yNtNPSTnaQNX3u2gJzCu
Deleting (emulator-5556) bopru6gOuA7DkIvB9jq0zERTDUBPdBN1
Deleting (emulator-5556) FgZmrnQktbsKS26CpCr1YcRPuKwrQZDh
Deleting (emulator-5556) ejUypRmpT2N4vTfySo8yh3FotlTcNgb7
Deleting (emulator-5556) rITsr1wbxEpIuBXQxbrhAMKsaKDodCs2
Deleting (emulator-5556) mnPKgvc5GlDSyCsFpiXgiLP7GjkJy1m2
Deleting (emulator-5556) fLkz7LnQyQaa6WP83VDY2pFDE5F9CVJF
Deleting (emulator-5556) dFUEXNWSVNgT7sdP7AjRTux3xJkAnVg5
Deleting (emulator-5556) bKS7nhSJaxtPMkAEGbhCE9nxDHqapTm8
Deleting (emulator-5556) 45ndrviKgGrZ589DbZpeSXNpWlSjnxdL
Deleting (emulator-5556) qmkt8eX6aCNwccL7ukO6zxoN993x55eB
Deleting (emulator-5556) WeTyJY3751nVfk1S4yEPbTVDUWpHhEdn
Testing delete on emulator-5558
Deleting (emulator-5558) 9yvfdF6HPn7AybpSj8sJVI6Nolhi073W
Deleting (emulator-5558) 2ZH3pJ1QkQVI9uypNR3qzgsSuP9UY5ck
Deleting (emulator-5558) 8MgZcn1yamqY7y740hY1pxVMntbisL70
Deleting (emulator-5558) YPIfr4ga0hKR7MJ7ltxe5kQxYv9N2ciQ
Deleting (emulator-5558) 9mCfDy0xKD2ur3pXc29HDFYfuFnzSMTe
Deleting (emulator-5558) aU292u6kS7OoHOoH6zyOjC7Y15cIcEPE
Deleting (emulator-5558) 4XUVPNDFZ8TwAd5xRBLPD6SYQYm7tjVZ
Deleting (emulator-5558) aNZ6rVStKLuVVwV4BHmtOkbyhOMZImpt
Deleting (emulator-5558) 0YZZTr2usjEDggDFd8bUo77aZGHbmu2e
Deleting (emulator-5558) YjuNqmZKMiQVy3skkFupDw60s5RLNcj0
Deleting (emulator-5558) OpuReg6TddGwqit1kRAKKPElzoZMd4xi
Deleting (emulator-5558) oeMRhBvQXiF2zDpCuuWiOQe45CbJwkvO
Deleting (emulator-5558) XGjVfalQeheC8K8AvUr5qqwFMrqvvraa
Deleting (emulator-5558) 4nn9KYYWwYB6yNtNPSTnaQNX3u2gJzCu
Deleting (emulator-5558) bopru6gOuA7DkIvB9jq0zERTDUBPdBN1
Deleting (emulator-5558) FgZmrnQktbsKS26CpCr1YcRPuKwrQZDh
Deleting (emulator-5558) ejUypRmpT2N4vTfySo8yh3FotlTcNgb7
Deleting (emulator-5558) rITsr1wbxEpIuBXQxbrhAMKsaKDodCs2
Deleting (emulator-5558) mnPKgvc5GlDSyCsFpiXgiLP7GjkJy1m2
Deleting (emulator-5558) fLkz7LnQyQaa6WP83VDY2pFDE5F9CVJF
Deleting (emulator-5558) dFUEXNWSVNgT7sdP7AjRTux3xJkAnVg5
Deleting (emulator-5558) bKS7nhSJaxtPMkAEGbhCE9nxDHqapTm8
Deleting (emulator-5558) 45ndrviKgGrZ589DbZpeSXNpWlSjnxdL
Deleting (emulator-5558) qmkt8eX6aCNwccL7ukO6zxoN993x55eB
Deleting (emulator-5558) WeTyJY3751nVfk1S4yEPbTVDUWpHhEdn
Testing delete on emulator-5560
Deleting (emulator-5560) 9yvfdF6HPn7AybpSj8sJVI6Nolhi073W
Deleting (emulator-5560) 2ZH3pJ1QkQVI9uypNR3qzgsSuP9UY5ck
Deleting (emulator-5560) 8MgZcn1yamqY7y740hY1pxVMntbisL70
Deleting (emulator-5560) YPIfr4ga0hKR7MJ7ltxe5kQxYv9N2ciQ
Deleting (emulator-5560) 9mCfDy0xKD2ur3pXc29HDFYfuFnzSMTe
Deleting (emulator-5560) aU292u6kS7OoHOoH6zyOjC7Y15cIcEPE
Deleting (emulator-5560) 4XUVPNDFZ8TwAd5xRBLPD6SYQYm7tjVZ
Deleting (emulator-5560) aNZ6rVStKLuVVwV4BHmtOkbyhOMZImpt
Deleting (emulator-5560) 0YZZTr2usjEDggDFd8bUo77aZGHbmu2e
Deleting (emulator-5560) YjuNqmZKMiQVy3skkFupDw60s5RLNcj0
Deleting (emulator-5560) OpuReg6TddGwqit1kRAKKPElzoZMd4xi
Deleting (emulator-5560) oeMRhBvQXiF2zDpCuuWiOQe45CbJwkvO
Deleting (emulator-5560) XGjVfalQeheC8K8AvUr5qqwFMrqvvraa
Deleting (emulator-5560) 4nn9KYYWwYB6yNtNPSTnaQNX3u2gJzCu
Deleting (emulator-5560) bopru6gOuA7DkIvB9jq0zERTDUBPdBN1
Deleting (emulator-5560) FgZmrnQktbsKS26CpCr1YcRPuKwrQZDh
Deleting (emulator-5560) ejUypRmpT2N4vTfySo8yh3FotlTcNgb7
Deleting (emulator-5560) rITsr1wbxEpIuBXQxbrhAMKsaKDodCs2
Deleting (emulator-5560) mnPKgvc5GlDSyCsFpiXgiLP7GjkJy1m2
Deleting (emulator-5560) fLkz7LnQyQaa6WP83VDY2pFDE5F9CVJF
Deleting (emulator-5560) dFUEXNWSVNgT7sdP7AjRTux3xJkAnVg5
Deleting (emulator-5560) bKS7nhSJaxtPMkAEGbhCE9nxDHqapTm8
Deleting (emulator-5560) 45ndrviKgGrZ589DbZpeSXNpWlSjnxdL
Deleting (emulator-5560) qmkt8eX6aCNwccL7ukO6zxoN993x55eB
Deleting (emulator-5560) WeTyJY3751nVfk1S4yEPbTVDUWpHhEdn
Testing delete on emulator-5562
Deleting (emulator-5562) 9yvfdF6HPn7AybpSj8sJVI6Nolhi073W
Deleting (emulator-5562) 2ZH3pJ1QkQVI9uypNR3qzgsSuP9UY5ck
Deleting (emulator-5562) 8MgZcn1yamqY7y740hY1pxVMntbisL70
Deleting (emulator-5562) YPIfr4ga0hKR7MJ7ltxe5kQxYv9N2ciQ
Deleting (emulator-5562) 9mCfDy0xKD2ur3pXc29HDFYfuFnzSMTe
Deleting (emulator-5562) aU292u6kS7OoHOoH6zyOjC7Y15cIcEPE
Deleting (emulator-5562) 4XUVPNDFZ8TwAd5xRBLPD6SYQYm7tjVZ
Deleting (emulator-5562) aNZ6rVStKLuVVwV4BHmtOkbyhOMZImpt
Deleting (emulator-5562) 0YZZTr2usjEDggDFd8bUo77aZGHbmu2e
Deleting (emulator-5562) YjuNqmZKMiQVy3skkFupDw60s5RLNcj0
Deleting (emulator-5562) OpuReg6TddGwqit1kRAKKPElzoZMd4xi
Deleting (emulator-5562) oeMRhBvQXiF2zDpCuuWiOQe45CbJwkvO
Deleting (emulator-5562) XGjVfalQeheC8K8AvUr5qqwFMrqvvraa
Deleting (emulator-5562) 4nn9KYYWwYB6yNtNPSTnaQNX3u2gJzCu
Deleting (emulator-5562) bopru6gOuA7DkIvB9jq0zERTDUBPdBN1
Deleting (emulator-5562) FgZmrnQktbsKS26CpCr1YcRPuKwrQZDh
Deleting (emulator-5562) ejUypRmpT2N4vTfySo8yh3FotlTcNgb7
Deleting (emulator-5562) rITsr1wbxEpIuBXQxbrhAMKsaKDodCs2
Deleting (emulator-5562) mnPKgvc5GlDSyCsFpiXgiLP7GjkJy1m2
Deleting (emulator-5562) fLkz7LnQyQaa6WP83VDY2pFDE5F9CVJF
Deleting (emulator-5562) dFUEXNWSVNgT7sdP7AjRTux3xJkAnVg5
Deleting (emulator-5562) bKS7nhSJaxtPMkAEGbhCE9nxDHqapTm8
Deleting (emulator-5562) 45ndrviKgGrZ589DbZpeSXNpWlSjnxdL
Deleting (emulator-5562) qmkt8eX6aCNwccL7ukO6zxoN993x55eB
Deleting (emulator-5562) WeTyJY3751nVfk1S4yEPbTVDUWpHhEdn
Verifying emulator-5554
Querying (emulator-5554) "@"
emulator-5554 still has data.
Phase 1: no pass
